This is pdfTeX, Version 3.14159265-2.6-1.40.19 (TeX Live 2018/W32TeX) (preloaded format=pdflatex 2018.5.31)  5 APR 2021 18:51
entering extended mode
 restricted \write18 enabled.
 %&-line parsing enabled.
**Ch11a.tex
(./Ch11a.tex
LaTeX2e <2018-04-01> patch level 5
(c:/texlive/2018/texmf-dist/tex/latex/beamer/beamer.cls
Document Class: beamer 2018/02/20 v3.50 A class for typesetting presentations
(c:/texlive/2018/texmf-dist/tex/latex/beamer/beamerbasemodes.sty
(c:/texlive/2018/texmf-dist/tex/latex/etoolbox/etoolbox.sty
Package: etoolbox 2018/02/11 v2.5e e-TeX tools for LaTeX (JAW)
\etb@tempcnta=\count80
)
\beamer@tempbox=\box26
\beamer@tempcount=\count81
\c@beamerpauses=\count82

(c:/texlive/2018/texmf-dist/tex/latex/beamer/beamerbasedecode.sty
\beamer@slideinframe=\count83
\beamer@minimum=\count84
)
\beamer@commentbox=\box27
\beamer@modecount=\count85
)
(c:/texlive/2018/texmf-dist/tex/generic/oberdiek/ifpdf.sty
Package: ifpdf 2017/03/15 v3.2 Provides the ifpdf switch
)
\headdp=\dimen102
\footheight=\dimen103
\sidebarheight=\dimen104
\beamer@tempdim=\dimen105
\beamer@finalheight=\dimen106
\beamer@animht=\dimen107
\beamer@animdp=\dimen108
\beamer@animwd=\dimen109
\beamer@leftmargin=\dimen110
\beamer@rightmargin=\dimen111
\beamer@leftsidebar=\dimen112
\beamer@rightsidebar=\dimen113
\beamer@boxsize=\dimen114
\beamer@vboxoffset=\dimen115
\beamer@descdefault=\dimen116
\beamer@descriptionwidth=\dimen117
\beamer@lastskip=\skip41
\beamer@areabox=\box28
\beamer@animcurrent=\box29
\beamer@animshowbox=\box30
\beamer@sectionbox=\box31
\beamer@logobox=\box32
\beamer@linebox=\box33
\beamer@sectioncount=\count86
\beamer@subsubsectionmax=\count87
\beamer@subsectionmax=\count88
\beamer@sectionmax=\count89
\beamer@totalheads=\count90
\beamer@headcounter=\count91
\beamer@partstartpage=\count92
\beamer@sectionstartpage=\count93
\beamer@subsectionstartpage=\count94
\beamer@animationtempa=\count95
\beamer@animationtempb=\count96
\beamer@xpos=\count97
\beamer@ypos=\count98
\beamer@ypos@offset=\count99
\beamer@showpartnumber=\count100
\beamer@currentsubsection=\count101
\beamer@coveringdepth=\count102
\beamer@sectionadjust=\count103
\beamer@tocsectionnumber=\count104

(c:/texlive/2018/texmf-dist/tex/latex/beamer/beamerbaseoptions.sty
(c:/texlive/2018/texmf-dist/tex/latex/graphics/keyval.sty
Package: keyval 2014/10/28 v1.15 key=value parser (DPC)
\KV@toks@=\toks14
))
\beamer@paperwidth=\skip42
\beamer@paperheight=\skip43

(c:/texlive/2018/texmf-dist/tex/latex/geometry/geometry.sty
Package: geometry 2018/04/16 v5.8 Page Geometry

(c:/texlive/2018/texmf-dist/tex/generic/oberdiek/ifvtex.sty
Package: ifvtex 2016/05/16 v1.6 Detect VTeX and its facilities (HO)
Package ifvtex Info: VTeX not detected.
)
(c:/texlive/2018/texmf-dist/tex/generic/ifxetex/ifxetex.sty
Package: ifxetex 2010/09/12 v0.6 Provides ifxetex conditional
)
\Gm@cnth=\count105
\Gm@cntv=\count106
\c@Gm@tempcnt=\count107
\Gm@bindingoffset=\dimen118
\Gm@wd@mp=\dimen119
\Gm@odd@mp=\dimen120
\Gm@even@mp=\dimen121
\Gm@layoutwidth=\dimen122
\Gm@layoutheight=\dimen123
\Gm@layouthoffset=\dimen124
\Gm@layoutvoffset=\dimen125
\Gm@dimlist=\toks15
)
(c:/texlive/2018/texmf-dist/tex/latex/base/size11.clo
File: size11.clo 2014/09/29 v1.4h Standard LaTeX file (size option)
)
(c:/texlive/2018/texmf-dist/tex/latex/pgf/basiclayer/pgfcore.sty
(c:/texlive/2018/texmf-dist/tex/latex/graphics/graphicx.sty
Package: graphicx 2017/06/01 v1.1a Enhanced LaTeX Graphics (DPC,SPQR)

(c:/texlive/2018/texmf-dist/tex/latex/graphics/graphics.sty
Package: graphics 2017/06/25 v1.2c Standard LaTeX Graphics (DPC,SPQR)

(c:/texlive/2018/texmf-dist/tex/latex/graphics/trig.sty
Package: trig 2016/01/03 v1.10 sin cos tan (DPC)
)
(c:/texlive/2018/texmf-dist/tex/latex/graphics-cfg/graphics.cfg
File: graphics.cfg 2016/06/04 v1.11 sample graphics configuration
)
Package graphics Info: Driver file: pdftex.def on input line 99.

(c:/texlive/2018/texmf-dist/tex/latex/graphics-def/pdftex.def
File: pdftex.def 2018/01/08 v1.0l Graphics/color driver for pdftex
))
\Gin@req@height=\dimen126
\Gin@req@width=\dimen127
)
(c:/texlive/2018/texmf-dist/tex/latex/pgf/systemlayer/pgfsys.sty
(c:/texlive/2018/texmf-dist/tex/latex/pgf/utilities/pgfrcs.sty
(c:/texlive/2018/texmf-dist/tex/generic/pgf/utilities/pgfutil-common.tex
\pgfutil@everybye=\toks16
\pgfutil@tempdima=\dimen128
\pgfutil@tempdimb=\dimen129

(c:/texlive/2018/texmf-dist/tex/generic/pgf/utilities/pgfutil-common-lists.tex)
) (c:/texlive/2018/texmf-dist/tex/generic/pgf/utilities/pgfutil-latex.def
\pgfutil@abb=\box34

(c:/texlive/2018/texmf-dist/tex/latex/ms/everyshi.sty
Package: everyshi 2001/05/15 v3.00 EveryShipout Package (MS)
))
(c:/texlive/2018/texmf-dist/tex/generic/pgf/utilities/pgfrcs.code.tex
Package: pgfrcs 2015/08/07 v3.0.1a (rcs-revision 1.31)
))
(c:/texlive/2018/texmf-dist/tex/generic/pgf/systemlayer/pgfsys.code.tex
Package: pgfsys 2014/07/09 v3.0.1a (rcs-revision 1.48)

(c:/texlive/2018/texmf-dist/tex/generic/pgf/utilities/pgfkeys.code.tex
\pgfkeys@pathtoks=\toks17
\pgfkeys@temptoks=\toks18

(c:/texlive/2018/texmf-dist/tex/generic/pgf/utilities/pgfkeysfiltered.code.tex
\pgfkeys@tmptoks=\toks19
))
\pgf@x=\dimen130
\pgf@y=\dimen131
\pgf@xa=\dimen132
\pgf@ya=\dimen133
\pgf@xb=\dimen134
\pgf@yb=\dimen135
\pgf@xc=\dimen136
\pgf@yc=\dimen137
\w@pgf@writea=\write3
\r@pgf@reada=\read1
\c@pgf@counta=\count108
\c@pgf@countb=\count109
\c@pgf@countc=\count110
\c@pgf@countd=\count111
\t@pgf@toka=\toks20
\t@pgf@tokb=\toks21
\t@pgf@tokc=\toks22
 (c:/texlive/2018/texmf-dist/tex/generic/pgf/systemlayer/pgf.cfg
File: pgf.cfg 2008/05/14  (rcs-revision 1.7)
)
Driver file for pgf: pgfsys-pdftex.def

(c:/texlive/2018/texmf-dist/tex/generic/pgf/systemlayer/pgfsys-pdftex.def
File: pgfsys-pdftex.def 2014/10/11  (rcs-revision 1.35)

(c:/texlive/2018/texmf-dist/tex/generic/pgf/systemlayer/pgfsys-common-pdf.def
File: pgfsys-common-pdf.def 2013/10/10  (rcs-revision 1.13)
)))
(c:/texlive/2018/texmf-dist/tex/generic/pgf/systemlayer/pgfsyssoftpath.code.tex
File: pgfsyssoftpath.code.tex 2013/09/09  (rcs-revision 1.9)
\pgfsyssoftpath@smallbuffer@items=\count112
\pgfsyssoftpath@bigbuffer@items=\count113
)
(c:/texlive/2018/texmf-dist/tex/generic/pgf/systemlayer/pgfsysprotocol.code.tex
File: pgfsysprotocol.code.tex 2006/10/16  (rcs-revision 1.4)
)) (c:/texlive/2018/texmf-dist/tex/latex/xcolor/xcolor.sty
Package: xcolor 2016/05/11 v2.12 LaTeX color extensions (UK)

(c:/texlive/2018/texmf-dist/tex/latex/graphics-cfg/color.cfg
File: color.cfg 2016/01/02 v1.6 sample color configuration
)
Package xcolor Info: Driver file: pdftex.def on input line 225.
Package xcolor Info: Model `cmy' substituted by `cmy0' on input line 1348.
Package xcolor Info: Model `hsb' substituted by `rgb' on input line 1352.
Package xcolor Info: Model `RGB' extended on input line 1364.
Package xcolor Info: Model `HTML' substituted by `rgb' on input line 1366.
Package xcolor Info: Model `Hsb' substituted by `hsb' on input line 1367.
Package xcolor Info: Model `tHsb' substituted by `hsb' on input line 1368.
Package xcolor Info: Model `HSB' substituted by `hsb' on input line 1369.
Package xcolor Info: Model `Gray' substituted by `gray' on input line 1370.
Package xcolor Info: Model `wave' substituted by `hsb' on input line 1371.
)
(c:/texlive/2018/texmf-dist/tex/generic/pgf/basiclayer/pgfcore.code.tex
Package: pgfcore 2010/04/11 v3.0.1a (rcs-revision 1.7)

(c:/texlive/2018/texmf-dist/tex/generic/pgf/math/pgfmath.code.tex
(c:/texlive/2018/texmf-dist/tex/generic/pgf/math/pgfmathcalc.code.tex
(c:/texlive/2018/texmf-dist/tex/generic/pgf/math/pgfmathutil.code.tex)
(c:/texlive/2018/texmf-dist/tex/generic/pgf/math/pgfmathparser.code.tex
\pgfmath@dimen=\dimen138
\pgfmath@count=\count114
\pgfmath@box=\box35
\pgfmath@toks=\toks23
\pgfmath@stack@operand=\toks24
\pgfmath@stack@operation=\toks25
)
(c:/texlive/2018/texmf-dist/tex/generic/pgf/math/pgfmathfunctions.code.tex
(c:/texlive/2018/texmf-dist/tex/generic/pgf/math/pgfmathfunctions.basic.code.te
x)
(c:/texlive/2018/texmf-dist/tex/generic/pgf/math/pgfmathfunctions.trigonometric
.code.tex)
(c:/texlive/2018/texmf-dist/tex/generic/pgf/math/pgfmathfunctions.random.code.t
ex)
(c:/texlive/2018/texmf-dist/tex/generic/pgf/math/pgfmathfunctions.comparison.co
de.tex)
(c:/texlive/2018/texmf-dist/tex/generic/pgf/math/pgfmathfunctions.base.code.tex
)
(c:/texlive/2018/texmf-dist/tex/generic/pgf/math/pgfmathfunctions.round.code.te
x)
(c:/texlive/2018/texmf-dist/tex/generic/pgf/math/pgfmathfunctions.misc.code.tex
)
(c:/texlive/2018/texmf-dist/tex/generic/pgf/math/pgfmathfunctions.integerarithm
etics.code.tex)))
(c:/texlive/2018/texmf-dist/tex/generic/pgf/math/pgfmathfloat.code.tex
\c@pgfmathroundto@lastzeros=\count115
))
(c:/texlive/2018/texmf-dist/tex/generic/pgf/basiclayer/pgfcorepoints.code.tex
File: pgfcorepoints.code.tex 2013/10/07  (rcs-revision 1.27)
\pgf@picminx=\dimen139
\pgf@picmaxx=\dimen140
\pgf@picminy=\dimen141
\pgf@picmaxy=\dimen142
\pgf@pathminx=\dimen143
\pgf@pathmaxx=\dimen144
\pgf@pathminy=\dimen145
\pgf@pathmaxy=\dimen146
\pgf@xx=\dimen147
\pgf@xy=\dimen148
\pgf@yx=\dimen149
\pgf@yy=\dimen150
\pgf@zx=\dimen151
\pgf@zy=\dimen152
)
(c:/texlive/2018/texmf-dist/tex/generic/pgf/basiclayer/pgfcorepathconstruct.cod
e.tex
File: pgfcorepathconstruct.code.tex 2013/10/07  (rcs-revision 1.29)
\pgf@path@lastx=\dimen153
\pgf@path@lasty=\dimen154
)
(c:/texlive/2018/texmf-dist/tex/generic/pgf/basiclayer/pgfcorepathusage.code.te
x
File: pgfcorepathusage.code.tex 2014/11/02  (rcs-revision 1.24)
\pgf@shorten@end@additional=\dimen155
\pgf@shorten@start@additional=\dimen156
)
(c:/texlive/2018/texmf-dist/tex/generic/pgf/basiclayer/pgfcorescopes.code.tex
File: pgfcorescopes.code.tex 2015/05/08  (rcs-revision 1.46)
\pgfpic=\box36
\pgf@hbox=\box37
\pgf@layerbox@main=\box38
\pgf@picture@serial@count=\count116
)
(c:/texlive/2018/texmf-dist/tex/generic/pgf/basiclayer/pgfcoregraphicstate.code
.tex
File: pgfcoregraphicstate.code.tex 2014/11/02  (rcs-revision 1.12)
\pgflinewidth=\dimen157
)
(c:/texlive/2018/texmf-dist/tex/generic/pgf/basiclayer/pgfcoretransformations.c
ode.tex
File: pgfcoretransformations.code.tex 2015/08/07  (rcs-revision 1.20)
\pgf@pt@x=\dimen158
\pgf@pt@y=\dimen159
\pgf@pt@temp=\dimen160
)
(c:/texlive/2018/texmf-dist/tex/generic/pgf/basiclayer/pgfcorequick.code.tex
File: pgfcorequick.code.tex 2008/10/09  (rcs-revision 1.3)
)
(c:/texlive/2018/texmf-dist/tex/generic/pgf/basiclayer/pgfcoreobjects.code.tex
File: pgfcoreobjects.code.tex 2006/10/11  (rcs-revision 1.2)
)
(c:/texlive/2018/texmf-dist/tex/generic/pgf/basiclayer/pgfcorepathprocessing.co
de.tex
File: pgfcorepathprocessing.code.tex 2013/09/09  (rcs-revision 1.9)
)
(c:/texlive/2018/texmf-dist/tex/generic/pgf/basiclayer/pgfcorearrows.code.tex
File: pgfcorearrows.code.tex 2015/05/14  (rcs-revision 1.43)
\pgfarrowsep=\dimen161
)
(c:/texlive/2018/texmf-dist/tex/generic/pgf/basiclayer/pgfcoreshade.code.tex
File: pgfcoreshade.code.tex 2013/07/15  (rcs-revision 1.15)
\pgf@max=\dimen162
\pgf@sys@shading@range@num=\count117
)
(c:/texlive/2018/texmf-dist/tex/generic/pgf/basiclayer/pgfcoreimage.code.tex
File: pgfcoreimage.code.tex 2013/07/15  (rcs-revision 1.18)

(c:/texlive/2018/texmf-dist/tex/generic/pgf/basiclayer/pgfcoreexternal.code.tex
File: pgfcoreexternal.code.tex 2014/07/09  (rcs-revision 1.21)
\pgfexternal@startupbox=\box39
))
(c:/texlive/2018/texmf-dist/tex/generic/pgf/basiclayer/pgfcorelayers.code.tex
File: pgfcorelayers.code.tex 2013/07/18  (rcs-revision 1.7)
)
(c:/texlive/2018/texmf-dist/tex/generic/pgf/basiclayer/pgfcoretransparency.code
.tex
File: pgfcoretransparency.code.tex 2013/09/30  (rcs-revision 1.5)
)
(c:/texlive/2018/texmf-dist/tex/generic/pgf/basiclayer/pgfcorepatterns.code.tex
File: pgfcorepatterns.code.tex 2013/11/07  (rcs-revision 1.5)
))) (c:/texlive/2018/texmf-dist/tex/latex/pgf/utilities/xxcolor.sty
Package: xxcolor 2003/10/24 ver 0.1
\XC@nummixins=\count118
\XC@countmixins=\count119
)
(c:/texlive/2018/texmf-dist/tex/generic/oberdiek/atbegshi.sty
Package: atbegshi 2016/06/09 v1.18 At begin shipout hook (HO)

(c:/texlive/2018/texmf-dist/tex/generic/oberdiek/infwarerr.sty
Package: infwarerr 2016/05/16 v1.4 Providing info/warning/error messages (HO)
)
(c:/texlive/2018/texmf-dist/tex/generic/oberdiek/ltxcmds.sty
Package: ltxcmds 2016/05/16 v1.23 LaTeX kernel commands for general use (HO)
))
(c:/texlive/2018/texmf-dist/tex/latex/hyperref/hyperref.sty
Package: hyperref 2018/02/06 v6.86b Hypertext links for LaTeX

(c:/texlive/2018/texmf-dist/tex/generic/oberdiek/hobsub-hyperref.sty
Package: hobsub-hyperref 2016/05/16 v1.14 Bundle oberdiek, subset hyperref (HO)


(c:/texlive/2018/texmf-dist/tex/generic/oberdiek/hobsub-generic.sty
Package: hobsub-generic 2016/05/16 v1.14 Bundle oberdiek, subset generic (HO)
Package: hobsub 2016/05/16 v1.14 Construct package bundles (HO)
Package hobsub Info: Skipping package `infwarerr' (already loaded).
Package hobsub Info: Skipping package `ltxcmds' (already loaded).
Package: ifluatex 2016/05/16 v1.4 Provides the ifluatex switch (HO)
Package ifluatex Info: LuaTeX not detected.
Package hobsub Info: Skipping package `ifvtex' (already loaded).
Package: intcalc 2016/05/16 v1.2 Expandable calculations with integers (HO)
Package hobsub Info: Skipping package `ifpdf' (already loaded).
Package: etexcmds 2016/05/16 v1.6 Avoid name clashes with e-TeX commands (HO)
Package: kvsetkeys 2016/05/16 v1.17 Key value parser (HO)
Package: kvdefinekeys 2016/05/16 v1.4 Define keys (HO)
Package: pdftexcmds 2018/01/30 v0.27 Utility functions of pdfTeX for LuaTeX (HO
)
Package pdftexcmds Info: LuaTeX not detected.
Package pdftexcmds Info: \pdf@primitive is available.
Package pdftexcmds Info: \pdf@ifprimitive is available.
Package pdftexcmds Info: \pdfdraftmode found.
Package: pdfescape 2016/05/16 v1.14 Implements pdfTeX's escape features (HO)
Package: bigintcalc 2016/05/16 v1.4 Expandable calculations on big integers (HO
)
Package: bitset 2016/05/16 v1.2 Handle bit-vector datatype (HO)
Package: uniquecounter 2016/05/16 v1.3 Provide unlimited unique counter (HO)
)
Package hobsub Info: Skipping package `hobsub' (already loaded).
Package: letltxmacro 2016/05/16 v1.5 Let assignment for LaTeX macros (HO)
Package: hopatch 2016/05/16 v1.3 Wrapper for package hooks (HO)
Package: xcolor-patch 2016/05/16 xcolor patch
Package: atveryend 2016/05/16 v1.9 Hooks at the very end of document (HO)
Package hobsub Info: Skipping package `atbegshi' (already loaded).
Package: refcount 2016/05/16 v3.5 Data extraction from label references (HO)
Package: hycolor 2016/05/16 v1.8 Color options for hyperref/bookmark (HO)
)
(c:/texlive/2018/texmf-dist/tex/latex/oberdiek/auxhook.sty
Package: auxhook 2016/05/16 v1.4 Hooks for auxiliary files (HO)
)
(c:/texlive/2018/texmf-dist/tex/latex/oberdiek/kvoptions.sty
Package: kvoptions 2016/05/16 v3.12 Key value format for package options (HO)
)
\@linkdim=\dimen163
\Hy@linkcounter=\count120
\Hy@pagecounter=\count121

(c:/texlive/2018/texmf-dist/tex/latex/hyperref/pd1enc.def
File: pd1enc.def 2018/02/06 v6.86b Hyperref: PDFDocEncoding definition (HO)
Now handling font encoding PD1 ...
... no UTF-8 mapping file for font encoding PD1
)
\Hy@SavedSpaceFactor=\count122

(c:/texlive/2018/texmf-dist/tex/latex/latexconfig/hyperref.cfg
File: hyperref.cfg 2002/06/06 v1.2 hyperref configuration of TeXLive
)
Package hyperref Info: Option `bookmarks' set `true' on input line 4383.
Package hyperref Info: Option `bookmarksopen' set `true' on input line 4383.
Package hyperref Info: Option `implicit' set `false' on input line 4383.
Package hyperref Info: Hyper figures OFF on input line 4509.
Package hyperref Info: Link nesting OFF on input line 4514.
Package hyperref Info: Hyper index ON on input line 4517.
Package hyperref Info: Plain pages OFF on input line 4524.
Package hyperref Info: Backreferencing OFF on input line 4529.
Package hyperref Info: Implicit mode OFF; no redefinition of LaTeX internals.
Package hyperref Info: Bookmarks ON on input line 4762.
\c@Hy@tempcnt=\count123

(c:/texlive/2018/texmf-dist/tex/latex/url/url.sty
\Urlmuskip=\muskip10
Package: url 2013/09/16  ver 3.4  Verb mode for urls, etc.
)
LaTeX Info: Redefining \url on input line 5115.
\XeTeXLinkMargin=\dimen164
\Fld@menulength=\count124
\Field@Width=\dimen165
\Fld@charsize=\dimen166
Package hyperref Info: Hyper figures OFF on input line 6369.
Package hyperref Info: Link nesting OFF on input line 6374.
Package hyperref Info: Hyper index ON on input line 6377.
Package hyperref Info: backreferencing OFF on input line 6384.
Package hyperref Info: Link coloring OFF on input line 6389.
Package hyperref Info: Link coloring with OCG OFF on input line 6394.
Package hyperref Info: PDF/A mode OFF on input line 6399.
LaTeX Info: Redefining \ref on input line 6439.
LaTeX Info: Redefining \pageref on input line 6443.
\Hy@abspage=\count125


Package hyperref Message: Stopped early.

)
Package hyperref Info: Driver (autodetected): hpdftex.
 (c:/texlive/2018/texmf-dist/tex/latex/hyperref/hpdftex.def
File: hpdftex.def 2018/02/06 v6.86b Hyperref driver for pdfTeX
\Fld@listcount=\count126
\c@bookmark@seq@number=\count127

(c:/texlive/2018/texmf-dist/tex/latex/oberdiek/rerunfilecheck.sty
Package: rerunfilecheck 2016/05/16 v1.8 Rerun checks for auxiliary files (HO)
Package uniquecounter Info: New unique counter `rerunfilecheck' on input line 2
82.
))
(c:/texlive/2018/texmf-dist/tex/latex/beamer/beamerbaserequires.sty
(c:/texlive/2018/texmf-dist/tex/latex/beamer/beamerbasecompatibility.sty)
(c:/texlive/2018/texmf-dist/tex/latex/beamer/beamerbasefont.sty
(c:/texlive/2018/texmf-dist/tex/latex/amsfonts/amssymb.sty
Package: amssymb 2013/01/14 v3.01 AMS font symbols

(c:/texlive/2018/texmf-dist/tex/latex/amsfonts/amsfonts.sty
Package: amsfonts 2013/01/14 v3.01 Basic AMSFonts support
\@emptytoks=\toks26
\symAMSa=\mathgroup4
\symAMSb=\mathgroup5
LaTeX Font Info:    Overwriting math alphabet `\mathfrak' in version `bold'
(Font)                  U/euf/m/n --> U/euf/b/n on input line 106.
))
(c:/texlive/2018/texmf-dist/tex/latex/sansmathaccent/sansmathaccent.sty
Package: sansmathaccent 2013/03/28

(c:/texlive/2018/texmf-dist/tex/latex/filehook/filehook.sty
Package: filehook 2011/10/12 v0.5d Hooks for input files
)))
(c:/texlive/2018/texmf-dist/tex/latex/beamer/beamerbasetranslator.sty
(c:/texlive/2018/texmf-dist/tex/latex/translator/translator.sty
Package: translator 2018/01/04 v1.12 Easy translation of strings in LaTeX
))
(c:/texlive/2018/texmf-dist/tex/latex/beamer/beamerbasemisc.sty)
(c:/texlive/2018/texmf-dist/tex/latex/beamer/beamerbasetwoscreens.sty)
(c:/texlive/2018/texmf-dist/tex/latex/beamer/beamerbaseoverlay.sty
\beamer@argscount=\count128
\beamer@lastskipcover=\skip44
\beamer@trivlistdepth=\count129
)
(c:/texlive/2018/texmf-dist/tex/latex/beamer/beamerbasetitle.sty)
(c:/texlive/2018/texmf-dist/tex/latex/beamer/beamerbasesection.sty
\c@lecture=\count130
\c@part=\count131
\c@section=\count132
\c@subsection=\count133
\c@subsubsection=\count134
)
(c:/texlive/2018/texmf-dist/tex/latex/beamer/beamerbaseframe.sty
\beamer@framebox=\box40
\beamer@frametitlebox=\box41
\beamer@zoombox=\box42
\beamer@zoomcount=\count135
\beamer@zoomframecount=\count136
\beamer@frametextheight=\dimen167
\c@subsectionslide=\count137
\beamer@frametopskip=\skip45
\beamer@framebottomskip=\skip46
\beamer@frametopskipautobreak=\skip47
\beamer@framebottomskipautobreak=\skip48
\beamer@envbody=\toks27
\framewidth=\dimen168
\c@framenumber=\count138
)
(c:/texlive/2018/texmf-dist/tex/latex/beamer/beamerbaseverbatim.sty
\beamer@verbatimfileout=\write4
)
(c:/texlive/2018/texmf-dist/tex/latex/beamer/beamerbaseframesize.sty
\beamer@splitbox=\box43
\beamer@autobreakcount=\count139
\beamer@autobreaklastheight=\dimen169
\beamer@frametitletoks=\toks28
\beamer@framesubtitletoks=\toks29
)
(c:/texlive/2018/texmf-dist/tex/latex/beamer/beamerbaseframecomponents.sty
\beamer@footins=\box44
)
(c:/texlive/2018/texmf-dist/tex/latex/beamer/beamerbasecolor.sty
\beamer@bg@ht=\dimen170
\beamer@bg@wd=\dimen171
\beamer@bg@dp=\dimen172
)
(c:/texlive/2018/texmf-dist/tex/latex/beamer/beamerbasenotes.sty
\beamer@frameboxcopy=\box45
)
(c:/texlive/2018/texmf-dist/tex/latex/beamer/beamerbasetoc.sty)
(c:/texlive/2018/texmf-dist/tex/latex/beamer/beamerbasetemplates.sty
\beamer@sbttoks=\toks30

(c:/texlive/2018/texmf-dist/tex/latex/beamer/beamerbaseauxtemplates.sty
(c:/texlive/2018/texmf-dist/tex/latex/beamer/beamerbaseboxes.sty
\bmb@box=\box46
\bmb@colorbox=\box47
\bmb@boxshadow=\box48
\bmb@boxshadowball=\box49
\bmb@boxshadowballlarge=\box50
\bmb@temp=\dimen173
\bmb@dima=\dimen174
\bmb@dimb=\dimen175
\bmb@prevheight=\dimen176
)
\beamer@blockheadheight=\dimen177
))
(c:/texlive/2018/texmf-dist/tex/latex/beamer/beamerbaselocalstructure.sty
(c:/texlive/2018/texmf-dist/tex/latex/tools/enumerate.sty
Package: enumerate 2015/07/23 v3.00 enumerate extensions (DPC)
\@enLab=\toks31
)
\c@figure=\count140
\c@table=\count141
\abovecaptionskip=\skip49
\belowcaptionskip=\skip50
)
(c:/texlive/2018/texmf-dist/tex/latex/beamer/beamerbasenavigation.sty
\beamer@section@min@dim=\dimen178
)
(c:/texlive/2018/texmf-dist/tex/latex/beamer/beamerbasetheorems.sty
(c:/texlive/2018/texmf-dist/tex/latex/amsmath/amsmath.sty
Package: amsmath 2017/09/02 v2.17a AMS math features
\@mathmargin=\skip51

For additional information on amsmath, use the `?' option.
(c:/texlive/2018/texmf-dist/tex/latex/amsmath/amstext.sty
Package: amstext 2000/06/29 v2.01 AMS text

(c:/texlive/2018/texmf-dist/tex/latex/amsmath/amsgen.sty
File: amsgen.sty 1999/11/30 v2.0 generic functions
\@emptytoks=\toks32
\ex@=\dimen179
))
(c:/texlive/2018/texmf-dist/tex/latex/amsmath/amsbsy.sty
Package: amsbsy 1999/11/29 v1.2d Bold Symbols
\pmbraise@=\dimen180
)
(c:/texlive/2018/texmf-dist/tex/latex/amsmath/amsopn.sty
Package: amsopn 2016/03/08 v2.02 operator names
)
\inf@bad=\count142
LaTeX Info: Redefining \frac on input line 213.
\uproot@=\count143
\leftroot@=\count144
LaTeX Info: Redefining \overline on input line 375.
\classnum@=\count145
\DOTSCASE@=\count146
LaTeX Info: Redefining \ldots on input line 472.
LaTeX Info: Redefining \dots on input line 475.
LaTeX Info: Redefining \cdots on input line 596.
\Mathstrutbox@=\box51
\strutbox@=\box52
\big@size=\dimen181
LaTeX Font Info:    Redeclaring font encoding OML on input line 712.
LaTeX Font Info:    Redeclaring font encoding OMS on input line 713.
\macc@depth=\count147
\c@MaxMatrixCols=\count148
\dotsspace@=\muskip11
\c@parentequation=\count149
\dspbrk@lvl=\count150
\tag@help=\toks33
\row@=\count151
\column@=\count152
\maxfields@=\count153
\andhelp@=\toks34
\eqnshift@=\dimen182
\alignsep@=\dimen183
\tagshift@=\dimen184
\tagwidth@=\dimen185
\totwidth@=\dimen186
\lineht@=\dimen187
\@envbody=\toks35
\multlinegap=\skip52
\multlinetaggap=\skip53
\mathdisplay@stack=\toks36
LaTeX Info: Redefining \[ on input line 2817.
LaTeX Info: Redefining \] on input line 2818.
)
(c:/texlive/2018/texmf-dist/tex/latex/amscls/amsthm.sty
Package: amsthm 2017/10/31 v2.20.4
\thm@style=\toks37
\thm@bodyfont=\toks38
\thm@headfont=\toks39
\thm@notefont=\toks40
\thm@headpunct=\toks41
\thm@preskip=\skip54
\thm@postskip=\skip55
\thm@headsep=\skip56
\dth@everypar=\toks42
)
\c@theorem=\count154
)
(c:/texlive/2018/texmf-dist/tex/latex/beamer/beamerbasethemes.sty))
(c:/texlive/2018/texmf-dist/tex/latex/beamer/beamerthemedefault.sty
(c:/texlive/2018/texmf-dist/tex/latex/beamer/beamerfontthemedefault.sty)
(c:/texlive/2018/texmf-dist/tex/latex/beamer/beamercolorthemedefault.sty)
(c:/texlive/2018/texmf-dist/tex/latex/beamer/beamerinnerthemedefault.sty
\beamer@dima=\dimen188
\beamer@dimb=\dimen189
)
(c:/texlive/2018/texmf-dist/tex/latex/beamer/beamerouterthemedefault.sty)))
(c:/texlive/2018/texmf-dist/tex/latex/beamer/beamerthemesplit.sty
(c:/texlive/2018/texmf-dist/tex/latex/beamer/beamercolorthemewhale.sty)
(c:/texlive/2018/texmf-dist/tex/latex/beamer/beamerouterthemesplit.sty)
(c:/texlive/2018/texmf-dist/tex/latex/beamer/beamerfontthemestructurebold.sty))
(c:/texlive/2018/texmf-dist/tex/latex/base/fontenc.sty
Package: fontenc 2017/04/05 v2.0i Standard LaTeX package

(c:/texlive/2018/texmf-dist/tex/latex/base/t1enc.def
File: t1enc.def 2017/04/05 v2.0i Standard LaTeX file
LaTeX Font Info:    Redeclaring font encoding T1 on input line 48.
))
(c:/texlive/2018/texmf-dist/tex/generic/babel/babel.sty
Package: babel 2018/05/10 3.21 The Babel package

(c:/texlive/2018/texmf-dist/tex/generic/babel/switch.def
File: switch.def 2018/05/10 3.21 Babel switching mechanism
)
(c:/texlive/2018/texmf-dist/tex/generic/babel-thai/thai.ldf
Language: thai 2013/03/31 v1.8 Thai support from the babel system

(c:/texlive/2018/texmf-dist/tex/generic/babel/babel.def
File: babel.def 2018/05/10 3.21 Babel common definitions
\babel@savecnt=\count155
\U@D=\dimen190

(c:/texlive/2018/texmf-dist/tex/generic/babel/txtbabel.def)
LaTeX Info: Redefining \textlatin on input line 1907.
\bbl@dirlevel=\count156
)
Loading the definitions for the Thai font encoding
(c:/texlive/2018/texmf-dist/tex/generic/babel-thai/lthenc.def
File: LTHenc.def 2011/12/26 v1.2 Thai Encoding
Now handling font encoding LTH ...
... no UTF-8 mapping file for font encoding LTH
)
\th@year=\count157
))
(c:/texlive/2018/texmf-dist/tex/latex/setspace/setspace.sty
Package: setspace 2011/12/19 v6.7a set line spacing
)
(c:/texlive/2018/texmf-dist/tex/latex/base/inputenc.sty
Package: inputenc 2018/04/06 v1.3b Input encoding file
\inpenc@prehook=\toks43
\inpenc@posthook=\toks44

(c:/texlive/2018/texmf-dist/tex/latex/ucs/utf8x.def
File: utf8x.def 2004/10/17 UCS: Input encoding UTF-8
))
(c:/texlive/2018/texmf-dist/tex/latex/ucs/ucs.sty
Package: ucs 2013/05/11 v2.2 UCS: Unicode input support

(c:/texlive/2018/texmf-dist/tex/latex/ucs/data/uni-global.def
File: uni-global.def 2013/05/13 UCS: Unicode global data
)
\uc@secondtry=\count158
\uc@combtoks=\toks45
\uc@combtoksb=\toks46
\uc@temptokena=\toks47
)
(c:/texlive/2018/texmf-dist/tex/latex/tools/array.sty
Package: array 2018/04/30 v2.4h Tabular extension package (FMi)
\col@sep=\dimen191
\ar@mcellbox=\box53
\extrarowheight=\dimen192
\NC@list=\toks48
\extratabsurround=\skip57
\backup@length=\skip58
\ar@cellbox=\box54
)
(c:/texlive/2018/texmf-dist/tex/latex/oberdiek/epstopdf.sty
Package: epstopdf 2016/05/15 v2.6 Conversion with epstopdf on the fly (HO)

(c:/texlive/2018/texmf-dist/tex/latex/oberdiek/epstopdf-base.sty
Package: epstopdf-base 2016/05/15 v2.6 Base part for package epstopdf

(c:/texlive/2018/texmf-dist/tex/latex/oberdiek/grfext.sty
Package: grfext 2016/05/16 v1.2 Manage graphics extensions (HO)
)
Package epstopdf-base Info: Redefining graphics rule for `.eps' on input line 4
38.
Package grfext Info: Graphics extension search list:
(grfext)             [.pdf,.png,.jpg,.mps,.jpeg,.jbig2,.jb2,.PDF,.PNG,.JPG,.JPE
G,.JBIG2,.JB2,.eps]
(grfext)             \AppendGraphicsExtensions on input line 456.

(c:/texlive/2018/texmf-dist/tex/latex/latexconfig/epstopdf-sys.cfg
File: epstopdf-sys.cfg 2010/07/13 v1.3 Configuration of (r)epstopdf for TeX Liv
e
)))
(c:/texlive/2018/texmf-dist/tex/latex/fancyvrb/fancyvrb.sty
Package: fancyvrb 2008/02/07

Style option: `fancyvrb' v2.7a, with DG/SPQR fixes, and firstline=lastline fix 
<2008/02/07> (tvz)
\FV@CodeLineNo=\count159
\FV@InFile=\read2
\FV@TabBox=\box55
\c@FancyVerbLine=\count160
\FV@StepNumber=\count161
\FV@OutFile=\write5
) (c:/texlive/2018/texmf-dist/tex/latex/listings/listings.sty
\lst@mode=\count162
\lst@gtempboxa=\box56
\lst@token=\toks49
\lst@length=\count163
\lst@currlwidth=\dimen193
\lst@column=\count164
\lst@pos=\count165
\lst@lostspace=\dimen194
\lst@width=\dimen195
\lst@newlines=\count166
\lst@lineno=\count167
\lst@maxwidth=\dimen196
(c:/texlive/2018/texmf-dist/tex/latex/listings/lstmisc.sty
File: lstmisc.sty 2015/06/04 1.6 (Carsten Heinz)
\c@lstnumber=\count168
\lst@skipnumbers=\count169
\lst@framebox=\box57
)
(c:/texlive/2018/texmf-dist/tex/latex/listings/listings.cfg
File: listings.cfg 2015/06/04 1.6 listings configuration
))
Package: listings 2015/06/04 1.6 (Carsten Heinz)

(c:/texlive/2018/texmf-dist/tex/latex/textpos/textpos.sty
Package: textpos 2016/06/07 v1.8

Package: textpos 2016/06/07 1.8, absolute positioning of text on the page
\TP@textbox=\box58
\TPHorizModule=\dimen197
\TPVertModule=\dimen198
\TP@margin=\dimen199
\TP@absmargin=\dimen256
Grid set 16 x 16 = 22.7622pt x 17.07166pt
\TPboxrulesize=\dimen257
\TP@tbargs=\toks50
\TP@prevdepth=\dimen258
) (c:/texlive/2018/texmf-dist/tex/latex/beamer/beamerthemeMadrid.sty
(c:/texlive/2018/texmf-dist/tex/latex/beamer/beamercolorthemeorchid.sty)
(c:/texlive/2018/texmf-dist/tex/latex/beamer/beamerinnerthemerounded.sty)
(c:/texlive/2018/texmf-dist/tex/latex/beamer/beamerouterthemeinfolines.sty))
(c:/texlive/2018/texmf-dist/tex/latex/tools/verbatim.sty
Package: verbatim 2014/10/28 v1.5q LaTeX2e package for verbatim enhancements
\every@verbatim=\toks51
\verbatim@line=\toks52
\verbatim@in@stream=\read3
)
(c:/texlive/2018/texmf-dist/tex/latex/listings/lstlang1.sty
File: lstlang1.sty 2015/06/04 1.6 listings language file
) (./Ch11a.aux
LaTeX Font Info:    Try loading font information for LTH+norasi on input line 1
9.

(c:/texlive/2018/texmf-dist/tex/latex/fonts-tlwg/lthnorasi.fd
File: lthnorasi.fd 2000/05/09 v1.0 Thai font definitions
))
\openout1 = `Ch11a.aux'.

LaTeX Font Info:    Checking defaults for OML/cmm/m/it on input line 161.
LaTeX Font Info:    ... okay on input line 161.
LaTeX Font Info:    Checking defaults for T1/cmr/m/n on input line 161.
LaTeX Font Info:    ... okay on input line 161.
LaTeX Font Info:    Checking defaults for OT1/cmr/m/n on input line 161.
LaTeX Font Info:    ... okay on input line 161.
LaTeX Font Info:    Checking defaults for OMS/cmsy/m/n on input line 161.
LaTeX Font Info:    ... okay on input line 161.
LaTeX Font Info:    Checking defaults for OMX/cmex/m/n on input line 161.
LaTeX Font Info:    ... okay on input line 161.
LaTeX Font Info:    Checking defaults for U/cmr/m/n on input line 161.
LaTeX Font Info:    ... okay on input line 161.
LaTeX Font Info:    Checking defaults for PD1/pdf/m/n on input line 161.
LaTeX Font Info:    ... okay on input line 161.
LaTeX Font Info:    Checking defaults for LTH/norasi/m/n on input line 161.
LaTeX Font Info:    ... okay on input line 161.

*geometry* driver: auto-detecting
*geometry* detected driver: pdftex
*geometry* verbose mode - [ preamble ] result:
* driver: pdftex
* paper: custom
* layout: <same size as paper>
* layoutoffset:(h,v)=(0.0pt,0.0pt)
* modes: includehead includefoot 
* h-part:(L,W,R)=(10.88002pt, 342.43532pt, 10.88002pt)
* v-part:(T,H,B)=(0.0pt, 273.14662pt, 0.0pt)
* \paperwidth=364.19536pt
* \paperheight=273.14662pt
* \textwidth=342.43532pt
* \textheight=244.6939pt
* \oddsidemargin=-61.38997pt
* \evensidemargin=-61.38997pt
* \topmargin=-72.26999pt
* \headheight=14.22636pt
* \headsep=0.0pt
* \topskip=11.0pt
* \footskip=14.22636pt
* \marginparwidth=4.0pt
* \marginparsep=10.0pt
* \columnsep=10.0pt
* \skip\footins=10.0pt plus 4.0pt minus 2.0pt
* \hoffset=0.0pt
* \voffset=0.0pt
* \mag=1000
* \@twocolumnfalse
* \@twosidefalse
* \@mparswitchfalse
* \@reversemarginfalse
* (1in=72.27pt=25.4mm, 1cm=28.453pt)

(c:/texlive/2018/texmf-dist/tex/context/base/mkii/supp-pdf.mkii
[Loading MPS to PDF converter (version 2006.09.02).]
\scratchcounter=\count170
\scratchdimen=\dimen259
\scratchbox=\box59
\nofMPsegments=\count171
\nofMParguments=\count172
\everyMPshowfont=\toks53
\MPscratchCnt=\count173
\MPscratchDim=\dimen260
\MPnumerator=\count174
\makeMPintoPDFobject=\count175
\everyMPtoPDFconversion=\toks54
) ABD: EveryShipout initializing macros
\AtBeginShipoutBox=\box60
Package hyperref Info: Link coloring OFF on input line 161.

(c:/texlive/2018/texmf-dist/tex/latex/hyperref/nameref.sty
Package: nameref 2016/05/21 v2.44 Cross-referencing by name of section

(c:/texlive/2018/texmf-dist/tex/generic/oberdiek/gettitlestring.sty
Package: gettitlestring 2016/05/16 v1.5 Cleanup title references (HO)
)
\c@section@level=\count176
)
LaTeX Info: Redefining \ref on input line 161.
LaTeX Info: Redefining \pageref on input line 161.
LaTeX Info: Redefining \nameref on input line 161.

(./Ch11a.out) (./Ch11a.out)
\@outlinefile=\write6
\openout6 = `Ch11a.out'.

LaTeX Font Info:    Overwriting symbol font `operators' in version `normal'
(Font)                  OT1/cmr/m/n --> OT1/cmss/m/n on input line 161.
LaTeX Font Info:    Overwriting symbol font `operators' in version `bold'
(Font)                  OT1/cmr/bx/n --> OT1/cmss/bx/n on input line 161.
\symnumbers=\mathgroup6
\sympureletters=\mathgroup7
LaTeX Font Info:    Overwriting math alphabet `\mathrm' in version `normal'
(Font)                  OT1/cmss/m/n --> T1/cmr/m/n on input line 161.
LaTeX Font Info:    Redeclaring math alphabet \mathbf on input line 161.
LaTeX Font Info:    Overwriting math alphabet `\mathbf' in version `normal'
(Font)                  OT1/cmr/bx/n --> T1/cmss/bx/n on input line 161.
LaTeX Font Info:    Overwriting math alphabet `\mathbf' in version `bold'
(Font)                  OT1/cmr/bx/n --> T1/cmss/bx/n on input line 161.
LaTeX Font Info:    Redeclaring math alphabet \mathsf on input line 161.
LaTeX Font Info:    Overwriting math alphabet `\mathsf' in version `normal'
(Font)                  OT1/cmss/m/n --> T1/cmss/m/n on input line 161.
LaTeX Font Info:    Overwriting math alphabet `\mathsf' in version `bold'
(Font)                  OT1/cmss/bx/n --> T1/cmss/m/n on input line 161.
LaTeX Font Info:    Redeclaring math alphabet \mathit on input line 161.
LaTeX Font Info:    Overwriting math alphabet `\mathit' in version `normal'
(Font)                  OT1/cmr/m/it --> T1/cmss/m/it on input line 161.
LaTeX Font Info:    Overwriting math alphabet `\mathit' in version `bold'
(Font)                  OT1/cmr/bx/it --> T1/cmss/m/it on input line 161.
LaTeX Font Info:    Redeclaring math alphabet \mathtt on input line 161.
LaTeX Font Info:    Overwriting math alphabet `\mathtt' in version `normal'
(Font)                  OT1/cmtt/m/n --> T1/cmtt/m/n on input line 161.
LaTeX Font Info:    Overwriting math alphabet `\mathtt' in version `bold'
(Font)                  OT1/cmtt/m/n --> T1/cmtt/m/n on input line 161.
LaTeX Font Info:    Overwriting symbol font `numbers' in version `bold'
(Font)                  T1/cmss/m/n --> T1/cmss/bx/n on input line 161.
LaTeX Font Info:    Overwriting symbol font `pureletters' in version `bold'
(Font)                  T1/cmss/m/it --> T1/cmss/bx/it on input line 161.
LaTeX Font Info:    Overwriting math alphabet `\mathrm' in version `bold'
(Font)                  OT1/cmss/bx/n --> T1/cmr/bx/n on input line 161.
LaTeX Font Info:    Overwriting math alphabet `\mathbf' in version `bold'
(Font)                  T1/cmss/bx/n --> T1/cmss/bx/n on input line 161.
LaTeX Font Info:    Overwriting math alphabet `\mathsf' in version `bold'
(Font)                  T1/cmss/m/n --> T1/cmss/bx/n on input line 161.
LaTeX Font Info:    Overwriting math alphabet `\mathit' in version `bold'
(Font)                  T1/cmss/m/it --> T1/cmss/bx/it on input line 161.
LaTeX Font Info:    Overwriting math alphabet `\mathtt' in version `bold'
(Font)                  T1/cmtt/m/n --> T1/cmtt/bx/n on input line 161.
LaTeX Font Info:    Redeclaring symbol font `pureletters' on input line 161.
LaTeX Font Info:    Encoding `T1' has changed to `OT1' for symbol font
(Font)              `pureletters' in the math version `normal' on input line 16
1.
LaTeX Font Info:    Overwriting symbol font `pureletters' in version `normal'
(Font)                  T1/cmss/m/it --> OT1/mathkerncmss/m/sl on input line 16
1.
LaTeX Font Info:    Encoding `T1' has changed to `OT1' for symbol font
(Font)              `pureletters' in the math version `bold' on input line 161.

LaTeX Font Info:    Overwriting symbol font `pureletters' in version `bold'
(Font)                  T1/cmss/bx/it --> OT1/mathkerncmss/m/sl on input line 1
61.
LaTeX Font Info:    Overwriting symbol font `pureletters' in version `bold'
(Font)                  OT1/mathkerncmss/m/sl --> OT1/mathkerncmss/bx/sl on inp
ut line 161.

(c:/texlive/2018/texmf-dist/tex/latex/translator/translator-basic-dictionary-En
glish.dict
Dictionary: translator-basic-dictionary, Language: English 
)
(c:/texlive/2018/texmf-dist/tex/latex/translator/translator-bibliography-dictio
nary-English.dict
Dictionary: translator-bibliography-dictionary, Language: English 
)
(c:/texlive/2018/texmf-dist/tex/latex/translator/translator-environment-diction
ary-English.dict
Dictionary: translator-environment-dictionary, Language: English 
)
(c:/texlive/2018/texmf-dist/tex/latex/translator/translator-months-dictionary-E
nglish.dict
Dictionary: translator-months-dictionary, Language: English 
)
(c:/texlive/2018/texmf-dist/tex/latex/translator/translator-numbers-dictionary-
English.dict
Dictionary: translator-numbers-dictionary, Language: English 
)
(c:/texlive/2018/texmf-dist/tex/latex/translator/translator-theorem-dictionary-
English.dict
Dictionary: translator-theorem-dictionary, Language: English 
)
LaTeX Font Info:    Try loading font information for LTH+cmss on input line 161
.
LaTeX Font Info:    No file LTHcmss.fd. on input line 161.


LaTeX Font Warning: Font shape `LTH/cmss/m/n' undefined
(Font)              using `LTH/norasi/m/n' instead on input line 161.

(c:/texlive/2018/texmf-dist/tex/latex/ucs/ucsencs.def
File: ucsencs.def 2011/01/21 Fixes to fontencodings LGR, T3
)
\c@lstlisting=\count177
 (./Ch11a.nav)

LaTeX Font Warning: Font shape `LTH/cmss/bx/n' undefined
(Font)              using `LTH/cmss/m/n' instead on input line 161.

<../shared/teak.png, id=45, 3011.25pt x 250.9375pt>
File: ../shared/teak.png Graphic file (type png)
<use ../shared/teak.png>
Package pdftex.def Info: ../shared/teak.png  used on input line 161.
(pdftex.def)             Requested size: 505.89pt x 42.1572pt.

Overfull \hbox (221.36244pt too wide) in paragraph at lines 161--161
[][]  
 []


Overfull \hbox (8.3828pt too wide) detected at line 161
 [] [] [] [] [] [] [] [] [] [] [] 
 []

<../shared/long-logo-color.png, id=65, 433.62pt x 89.133pt>
File: ../shared/long-logo-color.png Graphic file (type png)
<use ../shared/long-logo-color.png>
Package pdftex.def Info: ../shared/long-logo-color.png  used on input line 167.

(pdftex.def)             Requested size: 69.20859pt x 14.22636pt.
[1

{c:/texlive/2018/texmf-var/fonts/map/pdftex/updmap/pdftex.map} <../shared/long-
logo-color.png>]
\openout4 = `Ch11a.vrb'.

 (./Ch11a.vrb)
File: ../shared/teak.png Graphic file (type png)
<use ../shared/teak.png>
Package pdftex.def Info: ../shared/teak.png  used on input line 185.
(pdftex.def)             Requested size: 505.89pt x 42.1572pt.

Overfull \hbox (221.36244pt too wide) has occurred while \output is active
[][] 
 []


Overfull \hbox (8.3828pt too wide) has occurred while \output is active
 [] [] [] [] [] [] [] [] [] [] [] 
 []

[2

 <../shared/teak.png>]
\openout4 = `Ch11a.vrb'.

 (./Ch11a.vrb
<src/Fig01b.png, id=143, 698.61pt x 179.16937pt>
File: src/Fig01b.png Graphic file (type png)
<use src/Fig01b.png>
Package pdftex.def Info: src/Fig01b.png  used on input line 4.
(pdftex.def)             Requested size: 191.51505pt x 49.11725pt.
LaTeX Font Info:    Try loading font information for U+msa on input line 8.

(c:/texlive/2018/texmf-dist/tex/latex/amsfonts/umsa.fd
File: umsa.fd 2013/01/14 v3.01 AMS symbols A
)
LaTeX Font Info:    Try loading font information for U+msb on input line 8.

(c:/texlive/2018/texmf-dist/tex/latex/amsfonts/umsb.fd
File: umsb.fd 2013/01/14 v3.01 AMS symbols B
)
LaTeX Font Info:    Try loading font information for OT1+mathkerncmss on input 
line 8.

(c:/texlive/2018/texmf-dist/tex/latex/sansmathaccent/ot1mathkerncmss.fd
File: ot1mathkerncmss.fd 2013/03/27 Fontinst v1.933 font definitions for OT1/ma
thkerncmss.
)
<src/Fig02b.png, id=144, 569.12625pt x 197.23688pt>
File: src/Fig02b.png Graphic file (type png)
<use src/Fig02b.png>
Package pdftex.def Info: src/Fig02b.png  used on input line 12.
(pdftex.def)             Requested size: 191.51505pt x 66.37044pt.
)
File: ../shared/teak.png Graphic file (type png)
<use ../shared/teak.png>
Package pdftex.def Info: ../shared/teak.png  used on input line 203.
(pdftex.def)             Requested size: 505.89pt x 42.1572pt.

Overfull \hbox (221.36244pt too wide) has occurred while \output is active
[][] 
 []


Overfull \hbox (8.3828pt too wide) has occurred while \output is active
 [] [] [] [] [] [] [] [] [] [] [] 
 []

[3

 <./src/Fig01b.png> <./src/Fig02b.png>]
\openout4 = `Ch11a.vrb'.

 (./Ch11a.vrb
<src/Fig03a.png, id=187, 545.78906pt x 203.25937pt>
File: src/Fig03a.png Graphic file (type png)
<use src/Fig03a.png>
Package pdftex.def Info: src/Fig03a.png  used on input line 4.
(pdftex.def)             Requested size: 191.51505pt x 71.32172pt.
)
File: ../shared/teak.png Graphic file (type png)
<use ../shared/teak.png>
Package pdftex.def Info: ../shared/teak.png  used on input line 225.
(pdftex.def)             Requested size: 505.89pt x 42.1572pt.

Overfull \hbox (221.36244pt too wide) has occurred while \output is active
[][] 
 []


Overfull \hbox (8.3828pt too wide) has occurred while \output is active
 [] [] [] [] [] [] [] [] [] [] [] 
 []

[4

 <./src/Fig03a.png>]
\openout4 = `Ch11a.vrb'.

 (./Ch11a.vrb
<src/Fig04a.png, id=229, 777.65532pt x 197.23688pt>
File: src/Fig04a.png Graphic file (type png)
<use src/Fig04a.png>
Package pdftex.def Info: src/Fig04a.png  used on input line 8.
(pdftex.def)             Requested size: 273.9493pt x 69.48236pt.
)
File: ../shared/teak.png Graphic file (type png)
<use ../shared/teak.png>
Package pdftex.def Info: ../shared/teak.png  used on input line 250.
(pdftex.def)             Requested size: 505.89pt x 42.1572pt.

Overfull \hbox (221.36244pt too wide) has occurred while \output is active
[][] 
 []


Overfull \hbox (8.3828pt too wide) has occurred while \output is active
 [] [] [] [] [] [] [] [] [] [] [] 
 []

[5

 <./src/Fig04a.png>]
\openout4 = `Ch11a.vrb'.

 (./Ch11a.vrb)
File: ../shared/teak.png Graphic file (type png)
<use ../shared/teak.png>
Package pdftex.def Info: ../shared/teak.png  used on input line 275.
(pdftex.def)             Requested size: 505.89pt x 42.1572pt.

Overfull \hbox (221.36244pt too wide) has occurred while \output is active
[][] 
 []


Overfull \hbox (8.3828pt too wide) has occurred while \output is active
 [] [] [] [] [] [] [] [] [] [] [] 
 []

[6

]
\openout4 = `Ch11a.vrb'.

 (./Ch11a.vrb
<src/Fig05a.png, id=308, 777.65532pt x 197.23688pt>
File: src/Fig05a.png Graphic file (type png)
<use src/Fig05a.png>
Package pdftex.def Info: src/Fig05a.png  used on input line 11.
(pdftex.def)             Requested size: 273.9493pt x 69.48236pt.
)
File: ../shared/teak.png Graphic file (type png)
<use ../shared/teak.png>
Package pdftex.def Info: ../shared/teak.png  used on input line 300.
(pdftex.def)             Requested size: 505.89pt x 42.1572pt.

Overfull \hbox (221.36244pt too wide) has occurred while \output is active
[][] 
 []


Overfull \hbox (8.3828pt too wide) has occurred while \output is active
 [] [] [] [] [] [] [] [] [] [] [] 
 []

[7

 <./src/Fig05a.png>]
\openout4 = `Ch11a.vrb'.

 (./Ch11a.vrb)
File: ../shared/teak.png Graphic file (type png)
<use ../shared/teak.png>
Package pdftex.def Info: ../shared/teak.png  used on input line 321.
(pdftex.def)             Requested size: 505.89pt x 42.1572pt.

Overfull \hbox (221.36244pt too wide) has occurred while \output is active
[][] 
 []


Overfull \hbox (8.3828pt too wide) has occurred while \output is active
 [] [] [] [] [] [] [] [] [] [] [] 
 []

[8

]
\openout4 = `Ch11a.vrb'.

 (./Ch11a.vrb
<src/FigRLC_inphase.png, id=389, 518.6878pt x 187.45032pt>
File: src/FigRLC_inphase.png Graphic file (type png)
<use src/FigRLC_inphase.png>
Package pdftex.def Info: src/FigRLC_inphase.png  used on input line 13.
(pdftex.def)             Requested size: 102.73163pt x 37.12613pt.
<src/FigRLC_lagging.png, id=390, 518.6878pt x 192.72pt>
File: src/FigRLC_lagging.png Graphic file (type png)
<use src/FigRLC_lagging.png>
Package pdftex.def Info: src/FigRLC_lagging.png  used on input line 15.
(pdftex.def)             Requested size: 102.73163pt x 38.16985pt.
<src/FigRLC_leading.png, id=391, 520.19344pt x 194.97844pt>
File: src/FigRLC_leading.png Graphic file (type png)
<use src/FigRLC_leading.png>
Package pdftex.def Info: src/FigRLC_leading.png  used on input line 17.
(pdftex.def)             Requested size: 102.73163pt x 38.50409pt.

Overfull \hbox (3.35959pt too wide) in paragraph at lines 8--41
[]  
 []

)
File: ../shared/teak.png Graphic file (type png)
<use ../shared/teak.png>
Package pdftex.def Info: ../shared/teak.png  used on input line 367.
(pdftex.def)             Requested size: 505.89pt x 42.1572pt.

Overfull \hbox (221.36244pt too wide) has occurred while \output is active
[][] 
 []


Overfull \hbox (8.3828pt too wide) has occurred while \output is active
 [] [] [] [] [] [] [] [] [] [] [] 
 []

[9

 <./src/FigRLC_inphase.png> <./src/FigRLC_lagging.png> <./src/FigRLC_leading.pn
g>]
\openout4 = `Ch11a.vrb'.

 (./Ch11a.vrb
File: src/FigRLC_inphase.png Graphic file (type png)
<use src/FigRLC_inphase.png>
Package pdftex.def Info: src/FigRLC_inphase.png  used on input line 13.
(pdftex.def)             Requested size: 102.73163pt x 37.12613pt.
File: src/FigRLC_lagging.png Graphic file (type png)
<use src/FigRLC_lagging.png>
Package pdftex.def Info: src/FigRLC_lagging.png  used on input line 15.
(pdftex.def)             Requested size: 102.73163pt x 38.16985pt.
File: src/FigRLC_leading.png Graphic file (type png)
<use src/FigRLC_leading.png>
Package pdftex.def Info: src/FigRLC_leading.png  used on input line 17.
(pdftex.def)             Requested size: 102.73163pt x 38.50409pt.
<src/FigPower_inphase.png, id=432, 389.20406pt x 191.21437pt>
File: src/FigPower_inphase.png Graphic file (type png)
<use src/FigPower_inphase.png>
Package pdftex.def Info: src/FigPower_inphase.png  used on input line 19.
(pdftex.def)             Requested size: 102.73163pt x 50.47025pt.
<src/FigPower_lagging.png, id=433, 389.20406pt x 190.46156pt>
File: src/FigPower_lagging.png Graphic file (type png)
<use src/FigPower_lagging.png>
Package pdftex.def Info: src/FigPower_lagging.png  used on input line 21.
(pdftex.def)             Requested size: 102.73163pt x 50.27153pt.
<src/FigPower_leading.png, id=434, 389.20406pt x 190.46156pt>
File: src/FigPower_leading.png Graphic file (type png)
<use src/FigPower_leading.png>
Package pdftex.def Info: src/FigPower_leading.png  used on input line 23.
(pdftex.def)             Requested size: 102.73163pt x 50.27153pt.

Overfull \hbox (3.35959pt too wide) in paragraph at lines 8--37
[]  
 []

)
File: ../shared/teak.png Graphic file (type png)
<use ../shared/teak.png>
Package pdftex.def Info: ../shared/teak.png  used on input line 409.
(pdftex.def)             Requested size: 505.89pt x 42.1572pt.

Overfull \hbox (221.36244pt too wide) has occurred while \output is active
[][] 
 []


Overfull \hbox (8.3828pt too wide) has occurred while \output is active
 [] [] [] [] [] [] [] [] [] [] [] 
 []

[10

 <./src/FigPower_inphase.png> <./src/FigPower_lagging.png> <./src/FigPower_lead
ing.png>]
\openout4 = `Ch11a.vrb'.

 (./Ch11a.vrb
File: src/FigPower_inphase.png Graphic file (type png)
<use src/FigPower_inphase.png>
Package pdftex.def Info: src/FigPower_inphase.png  used on input line 8.
(pdftex.def)             Requested size: 102.73163pt x 50.47025pt.
File: src/FigPower_lagging.png Graphic file (type png)
<use src/FigPower_lagging.png>
Package pdftex.def Info: src/FigPower_lagging.png  used on input line 10.
(pdftex.def)             Requested size: 102.73163pt x 50.27153pt.
File: src/FigPower_leading.png Graphic file (type png)
<use src/FigPower_leading.png>
Package pdftex.def Info: src/FigPower_leading.png  used on input line 12.
(pdftex.def)             Requested size: 102.73163pt x 50.27153pt.

Overfull \hbox (3.35959pt too wide) in paragraph at lines 5--33
[][]  
 []

)
File: ../shared/teak.png Graphic file (type png)
<use ../shared/teak.png>
Package pdftex.def Info: ../shared/teak.png  used on input line 447.
(pdftex.def)             Requested size: 505.89pt x 42.1572pt.

Overfull \hbox (221.36244pt too wide) has occurred while \output is active
[][] 
 []


Overfull \hbox (8.3828pt too wide) has occurred while \output is active
 [] [] [] [] [] [] [] [] [] [] [] 
 []

[11

]
\openout4 = `Ch11a.vrb'.

 (./Ch11a.vrb
<src/Fig06a.png, id=511, 482.55281pt x 237.13594pt>
File: src/Fig06a.png Graphic file (type png)
<use src/Fig06a.png>
Package pdftex.def Info: src/Fig06a.png  used on input line 9.
(pdftex.def)             Requested size: 136.97203pt x 67.30943pt.
)
File: ../shared/teak.png Graphic file (type png)
<use ../shared/teak.png>
Package pdftex.def Info: ../shared/teak.png  used on input line 504.
(pdftex.def)             Requested size: 505.89pt x 42.1572pt.

Overfull \hbox (221.36244pt too wide) has occurred while \output is active
[][] 
 []


Overfull \hbox (8.3828pt too wide) has occurred while \output is active
 [] [] [] [] [] [] [] [] [] [] [] 
 []

[12

 <./src/Fig06a.png>]
\openout4 = `Ch11a.vrb'.

 (./Ch11a.vrb
File: src/Fig06a.png Graphic file (type png)
<use src/Fig06a.png>
Package pdftex.def Info: src/Fig06a.png  used on input line 6.
(pdftex.def)             Requested size: 136.97203pt x 67.30943pt.
)
File: ../shared/teak.png Graphic file (type png)
<use ../shared/teak.png>
Package pdftex.def Info: ../shared/teak.png  used on input line 531.
(pdftex.def)             Requested size: 505.89pt x 42.1572pt.

Overfull \hbox (221.36244pt too wide) has occurred while \output is active
[][] 
 []


Overfull \hbox (8.3828pt too wide) has occurred while \output is active
 [] [] [] [] [] [] [] [] [] [] [] 
 []

[13

]
\openout4 = `Ch11a.vrb'.

 (./Ch11a.vrb
<src/Fig07a.png, id=589, 456.95718pt x 191.9672pt>
File: src/Fig07a.png Graphic file (type png)
<use src/Fig07a.png>
Package pdftex.def Info: src/Fig07a.png  used on input line 5.
(pdftex.def)             Requested size: 171.21765pt x 71.926pt.
)
File: ../shared/teak.png Graphic file (type png)
<use ../shared/teak.png>
Package pdftex.def Info: ../shared/teak.png  used on input line 549.
(pdftex.def)             Requested size: 505.89pt x 42.1572pt.

Overfull \hbox (221.36244pt too wide) has occurred while \output is active
[][] 
 []


Overfull \hbox (8.3828pt too wide) has occurred while \output is active
 [] [] [] [] [] [] [] [] [] [] [] 
 []

[14

 <./src/Fig07a.png>]
\openout4 = `Ch11a.vrb'.

 (./Ch11a.vrb
<src/Fig08a.png, id=627, 431.36156pt x 237.13594pt>
File: src/Fig08a.png Graphic file (type png)
<use src/Fig08a.png>
Package pdftex.def Info: src/Fig08a.png  used on input line 6.
(pdftex.def)             Requested size: 121.99414pt x 67.06339pt.
<src/FigPower_load.png, id=628, 390.70969pt x 196.48407pt>
File: src/FigPower_load.png Graphic file (type png)
<use src/FigPower_load.png>
Package pdftex.def Info: src/FigPower_load.png  used on input line 9.
(pdftex.def)             Requested size: 162.65886pt x 81.8002pt.

Overfull \hbox (5.0183pt too wide) in paragraph at lines 21--26
[][]  
 []

)
File: ../shared/teak.png Graphic file (type png)
<use ../shared/teak.png>
Package pdftex.def Info: ../shared/teak.png  used on input line 581.
(pdftex.def)             Requested size: 505.89pt x 42.1572pt.

Overfull \hbox (221.36244pt too wide) has occurred while \output is active
[][] 
 []


Overfull \hbox (8.3828pt too wide) has occurred while \output is active
 [] [] [] [] [] [] [] [] [] [] [] 
 []

[15

 <./src/Fig08a.png> <./src/FigPower_Load.png>]
\openout4 = `Ch11a.vrb'.

 (./Ch11a.vrb
<src/FigAveragePower.png, id=666, 390.70969pt x 196.48407pt>
File: src/FigAveragePower.png Graphic file (type png)
<use src/FigAveragePower.png>
Package pdftex.def Info: src/FigAveragePower.png  used on input line 13.
(pdftex.def)             Requested size: 136.97203pt x 68.88138pt.
)
File: ../shared/teak.png Graphic file (type png)
<use ../shared/teak.png>
Package pdftex.def Info: ../shared/teak.png  used on input line 603.
(pdftex.def)             Requested size: 505.89pt x 42.1572pt.

Overfull \hbox (221.36244pt too wide) has occurred while \output is active
[][] 
 []


Overfull \hbox (8.3828pt too wide) has occurred while \output is active
 [] [] [] [] [] [] [] [] [] [] [] 
 []

[16

 <./src/FigAveragePower.png>]
\openout4 = `Ch11a.vrb'.

 (./Ch11a.vrb)
File: ../shared/teak.png Graphic file (type png)
<use ../shared/teak.png>
Package pdftex.def Info: ../shared/teak.png  used on input line 632.
(pdftex.def)             Requested size: 505.89pt x 42.1572pt.

Overfull \hbox (221.36244pt too wide) has occurred while \output is active
[][] 
 []


Overfull \hbox (8.3828pt too wide) has occurred while \output is active
 [] [] [] [] [] [] [] [] [] [] [] 
 []

[17

]
\openout4 = `Ch11a.vrb'.

 (./Ch11a.vrb)
File: ../shared/teak.png Graphic file (type png)
<use ../shared/teak.png>
Package pdftex.def Info: ../shared/teak.png  used on input line 648.
(pdftex.def)             Requested size: 505.89pt x 42.1572pt.

Overfull \hbox (221.36244pt too wide) has occurred while \output is active
[][] 
 []


Overfull \hbox (8.3828pt too wide) has occurred while \output is active
 [] [] [] [] [] [] [] [] [] [] [] 
 []

[18

]
\openout4 = `Ch11a.vrb'.

 (./Ch11a.vrb
<src/APexample1.png, id=783, 308.65312pt x 195.73125pt>
File: src/APexample1.png Graphic file (type png)
<use src/APexample1.png>
Package pdftex.def Info: src/APexample1.png  used on input line 4.
(pdftex.def)             Requested size: 136.97203pt x 86.86269pt.
)
File: ../shared/teak.png Graphic file (type png)
<use ../shared/teak.png>
Package pdftex.def Info: ../shared/teak.png  used on input line 668.
(pdftex.def)             Requested size: 505.89pt x 42.1572pt.

Overfull \hbox (221.36244pt too wide) has occurred while \output is active
[][] 
 []


Overfull \hbox (8.3828pt too wide) has occurred while \output is active
 [] [] [] [] [] [] [] [] [] [] [] 
 []

[19

 <./src/APexample1.png>]
\openout4 = `Ch11a.vrb'.

 (./Ch11a.vrb
<src/APexample1soln1.png, id=822, 308.65312pt x 195.73125pt>
File: src/APexample1soln1.png Graphic file (type png)
<use src/APexample1soln1.png>
Package pdftex.def Info: src/APexample1soln1.png  used on input line 7.
(pdftex.def)             Requested size: 162.65886pt x 103.15167pt.
<src/APexample1soln2.png, id=823, 308.65312pt x 195.73125pt>
File: src/APexample1soln2.png Graphic file (type png)
<use src/APexample1soln2.png>
Package pdftex.def Info: src/APexample1soln2.png  used on input line 15.
(pdftex.def)             Requested size: 162.65886pt x 103.15167pt.
)
File: ../shared/teak.png Graphic file (type png)
<use ../shared/teak.png>
Package pdftex.def Info: ../shared/teak.png  used on input line 696.
(pdftex.def)             Requested size: 505.89pt x 42.1572pt.

Overfull \hbox (221.36244pt too wide) has occurred while \output is active
[][] 
 []


Overfull \hbox (8.3828pt too wide) has occurred while \output is active
 [] [] [] [] [] [] [] [] [] [] [] 
 []

[20

 <./src/APexample1Soln1.png> <./src/APexample1Soln2.png>]
\openout4 = `Ch11a.vrb'.

 (./Ch11a.vrb)
File: ../shared/teak.png Graphic file (type png)
<use ../shared/teak.png>
Package pdftex.def Info: ../shared/teak.png  used on input line 713.
(pdftex.def)             Requested size: 505.89pt x 42.1572pt.

Overfull \hbox (221.36244pt too wide) has occurred while \output is active
[][] 
 []


Overfull \hbox (8.3828pt too wide) has occurred while \output is active
 [] [] [] [] [] [] [] [] [] [] [] 
 []

[21

]
\openout4 = `Ch11a.vrb'.

 (./Ch11a.vrb
<src/effective.png, id=901, 370.38374pt x 145.29282pt>
File: src/effective.png Graphic file (type png)
<use src/effective.png>
Package pdftex.def Info: src/effective.png  used on input line 13.
(pdftex.def)             Requested size: 171.21765pt x 67.16583pt.
)
File: ../shared/teak.png Graphic file (type png)
<use ../shared/teak.png>
Package pdftex.def Info: ../shared/teak.png  used on input line 745.
(pdftex.def)             Requested size: 505.89pt x 42.1572pt.

Overfull \hbox (221.36244pt too wide) has occurred while \output is active
[][] 
 []


Overfull \hbox (8.3828pt too wide) has occurred while \output is active
 [] [] [] [] [] [] [] [] [] [] [] 
 []

[22

 <./src/Effective.png>]
\openout4 = `Ch11a.vrb'.

 (./Ch11a.vrb
File: src/effective.png Graphic file (type png)
<use src/effective.png>
Package pdftex.def Info: src/effective.png  used on input line 4.
(pdftex.def)             Requested size: 171.21765pt x 67.16583pt.
)
File: ../shared/teak.png Graphic file (type png)
<use ../shared/teak.png>
Package pdftex.def Info: ../shared/teak.png  used on input line 767.
(pdftex.def)             Requested size: 505.89pt x 42.1572pt.

Overfull \hbox (221.36244pt too wide) has occurred while \output is active
[][] 
 []


Overfull \hbox (8.3828pt too wide) has occurred while \output is active
 [] [] [] [] [] [] [] [] [] [] [] 
 []

[23

]
\openout4 = `Ch11a.vrb'.

 (./Ch11a.vrb

LaTeX Font Warning: Font shape `LTH/cmss/m/it' undefined
(Font)              using `LTH/cmss/m/n' instead on input line 4.

<src/rmsFish.png, id=979, 903.375pt x 602.25pt>
File: src/rmsFish.png Graphic file (type png)
<use src/rmsFish.png>
Package pdftex.def Info: src/rmsFish.png  used on input line 19.
(pdftex.def)             Requested size: 171.21765pt x 114.1438pt.
)
File: ../shared/teak.png Graphic file (type png)
<use ../shared/teak.png>
Package pdftex.def Info: ../shared/teak.png  used on input line 793.
(pdftex.def)             Requested size: 505.89pt x 42.1572pt.

Overfull \hbox (221.36244pt too wide) has occurred while \output is active
[][] 
 []


Overfull \hbox (8.3828pt too wide) has occurred while \output is active
 [] [] [] [] [] [] [] [] [] [] [] 
 []

[24

 <./src/rmsFish.png>]
\openout4 = `Ch11a.vrb'.

 (./Ch11a.vrb)
File: ../shared/teak.png Graphic file (type png)
<use ../shared/teak.png>
Package pdftex.def Info: ../shared/teak.png  used on input line 819.
(pdftex.def)             Requested size: 505.89pt x 42.1572pt.

Overfull \hbox (221.36244pt too wide) has occurred while \output is active
[][] 
 []


Overfull \hbox (8.3828pt too wide) has occurred while \output is active
 [] [] [] [] [] [] [] [] [] [] [] 
 []

[25

]
\openout4 = `Ch11a.vrb'.

 (./Ch11a.vrb)
File: ../shared/teak.png Graphic file (type png)
<use ../shared/teak.png>
Package pdftex.def Info: ../shared/teak.png  used on input line 844.
(pdftex.def)             Requested size: 505.89pt x 42.1572pt.

Overfull \hbox (221.36244pt too wide) has occurred while \output is active
[][] 
 []


Overfull \hbox (8.3828pt too wide) has occurred while \output is active
 [] [] [] [] [] [] [] [] [] [] [] 
 []

[26

]
\openout4 = `Ch11a.vrb'.

 (./Ch11a.vrb
<src/ComplexPower.png, id=1094, 638.385pt x 204.01219pt>
File: src/ComplexPower.png Graphic file (type png)
<use src/ComplexPower.png>
Package pdftex.def Info: src/ComplexPower.png  used on input line 4.
(pdftex.def)             Requested size: 308.18968pt x 98.48817pt.
)
File: ../shared/teak.png Graphic file (type png)
<use ../shared/teak.png>
Package pdftex.def Info: ../shared/teak.png  used on input line 862.
(pdftex.def)             Requested size: 505.89pt x 42.1572pt.

Overfull \hbox (221.36244pt too wide) has occurred while \output is active
[][] 
 []


Overfull \hbox (8.3828pt too wide) has occurred while \output is active
 [] [] [] [] [] [] [] [] [] [] [] 
 []

[27

 <./src/ComplexPower.png>]
\openout4 = `Ch11a.vrb'.

 (./Ch11a.vrb)
File: ../shared/teak.png Graphic file (type png)
<use ../shared/teak.png>
Package pdftex.def Info: ../shared/teak.png  used on input line 884.
(pdftex.def)             Requested size: 505.89pt x 42.1572pt.

Overfull \hbox (221.36244pt too wide) has occurred while \output is active
[][] 
 []


Overfull \hbox (8.3828pt too wide) has occurred while \output is active
 [] [] [] [] [] [] [] [] [] [] [] 
 []

[28

]
\openout4 = `Ch11a.vrb'.

 (./Ch11a.vrb)
File: ../shared/teak.png Graphic file (type png)
<use ../shared/teak.png>
Package pdftex.def Info: ../shared/teak.png  used on input line 908.
(pdftex.def)             Requested size: 505.89pt x 42.1572pt.

Overfull \hbox (221.36244pt too wide) has occurred while \output is active
[][] 
 []


Overfull \hbox (8.3828pt too wide) has occurred while \output is active
 [] [] [] [] [] [] [] [] [] [] [] 
 []

[29

]
\openout4 = `Ch11a.vrb'.

 (./Ch11a.vrb)
File: ../shared/teak.png Graphic file (type png)
<use ../shared/teak.png>
Package pdftex.def Info: ../shared/teak.png  used on input line 934.
(pdftex.def)             Requested size: 505.89pt x 42.1572pt.

Overfull \hbox (221.36244pt too wide) has occurred while \output is active
[][] 
 []


Overfull \hbox (8.3828pt too wide) has occurred while \output is active
 [] [] [] [] [] [] [] [] [] [] [] 
 []

[30

]
\openout4 = `Ch11a.vrb'.

 (./Ch11a.vrb)
File: ../shared/teak.png Graphic file (type png)
<use ../shared/teak.png>
Package pdftex.def Info: ../shared/teak.png  used on input line 962.
(pdftex.def)             Requested size: 505.89pt x 42.1572pt.

Overfull \hbox (221.36244pt too wide) has occurred while \output is active
[][] 
 []


Overfull \hbox (8.3828pt too wide) has occurred while \output is active
 [] [] [] [] [] [] [] [] [] [] [] 
 []

[31

]
\openout4 = `Ch11a.vrb'.

 (./Ch11a.vrb
<src/pf_impedance.png, id=1284, 142.28156pt x 137.7647pt>
File: src/pf_impedance.png Graphic file (type png)
<use src/pf_impedance.png>
Package pdftex.def Info: src/pf_impedance.png  used on input line 4.
(pdftex.def)             Requested size: 68.48601pt x 66.31337pt.
)
File: ../shared/teak.png Graphic file (type png)
<use ../shared/teak.png>
Package pdftex.def Info: ../shared/teak.png  used on input line 991.
(pdftex.def)             Requested size: 505.89pt x 42.1572pt.

Overfull \hbox (221.36244pt too wide) has occurred while \output is active
[][] 
 []


Overfull \hbox (8.3828pt too wide) has occurred while \output is active
 [] [] [] [] [] [] [] [] [] [] [] 
 []

[32

 <./src/pf_impedance.png>]
\openout4 = `Ch11a.vrb'.

 (./Ch11a.vrb
<src/TransmissionLines.png, id=1322, 167.12437pt x 210.7875pt>
File: src/TransmissionLines.png Graphic file (type png)
<use src/TransmissionLines.png>
Package pdftex.def Info: src/TransmissionLines.png  used on input line 5.
(pdftex.def)             Requested size: 85.95142pt x 108.405pt.
<src/TransmissionLinesCCT.png, id=1323, 397.485pt x 209.28188pt>
File: src/TransmissionLinesCCT.png Graphic file (type png)
<use src/TransmissionLinesCCT.png>
Package pdftex.def Info: src/TransmissionLinesCCT.png  used on input line 6.
(pdftex.def)             Requested size: 205.88672pt x 108.405pt.
)
File: ../shared/teak.png Graphic file (type png)
<use ../shared/teak.png>
Package pdftex.def Info: ../shared/teak.png  used on input line 1018.
(pdftex.def)             Requested size: 505.89pt x 42.1572pt.

Overfull \hbox (221.36244pt too wide) has occurred while \output is active
[][] 
 []


Overfull \hbox (8.3828pt too wide) has occurred while \output is active
 [] [] [] [] [] [] [] [] [] [] [] 
 []

[33

 <./src/TransmissionLines.png> <./src/TransmissionLinesCCT.png>]
\openout4 = `Ch11a.vrb'.


(./Ch11a.vrb
File: src/TransmissionLinesCCT.png Graphic file (type png)
<use src/TransmissionLinesCCT.png>
Package pdftex.def Info: src/TransmissionLinesCCT.png  used on input line 5.
(pdftex.def)             Requested size: 102.73163pt x 54.08946pt.
)
File: ../shared/teak.png Graphic file (type png)
<use ../shared/teak.png>
Package pdftex.def Info: ../shared/teak.png  used on input line 1047.
(pdftex.def)             Requested size: 505.89pt x 42.1572pt.

Overfull \hbox (221.36244pt too wide) has occurred while \output is active
[][] 
 []


Overfull \hbox (8.3828pt too wide) has occurred while \output is active
 [] [] [] [] [] [] [] [] [] [] [] 
 []

[34

]
\openout4 = `Ch11a.vrb'.

 (./Ch11a.vrb
File: src/TransmissionLinesCCT.png Graphic file (type png)
<use src/TransmissionLinesCCT.png>
Package pdftex.def Info: src/TransmissionLinesCCT.png  used on input line 5.
(pdftex.def)             Requested size: 102.73163pt x 54.08946pt.
)
File: ../shared/teak.png Graphic file (type png)
<use ../shared/teak.png>
Package pdftex.def Info: ../shared/teak.png  used on input line 1085.
(pdftex.def)             Requested size: 505.89pt x 42.1572pt.

Overfull \hbox (221.36244pt too wide) has occurred while \output is active
[][] 
 []


Overfull \hbox (8.3828pt too wide) has occurred while \output is active
 [] [] [] [] [] [] [] [] [] [] [] 
 []

[35

]
\openout4 = `Ch11a.vrb'.

 (./Ch11a.vrb
File: src/TransmissionLinesCCT.png Graphic file (type png)
<use src/TransmissionLinesCCT.png>
Package pdftex.def Info: src/TransmissionLinesCCT.png  used on input line 5.
(pdftex.def)             Requested size: 102.73163pt x 54.08946pt.

Overfull \hbox (32.71446pt too wide) in alignment at lines 19--22
 [][][] []
 []

Package epstopdf Info: Source file: <src/Pline_pf.eps>
(epstopdf)                    date: 2021-04-05 10:47:30
(epstopdf)                    size: 4160 bytes
(epstopdf)             Output file: <src/Pline_pf-eps-converted-to.pdf>
(epstopdf)                    date: 2021-04-05 10:49:51
(epstopdf)                    size: 7835 bytes
(epstopdf)             Command: <repstopdf --outfile=src/Pline_pf-eps-converted
-to.pdf src/Pline_pf.eps>
(epstopdf)             \includegraphics on input line 28.
Package epstopdf Info: Output file is already uptodate.
<src/Pline_pf-eps-converted-to.pdf, id=1437, 501.875pt x 271.0125pt>
File: src/Pline_pf-eps-converted-to.pdf Graphic file (type pdf)
<use src/Pline_pf-eps-converted-to.pdf>
Package pdftex.def Info: src/Pline_pf-eps-converted-to.pdf  used on input line 
28.
(pdftex.def)             Requested size: 205.46327pt x 110.95042pt.
)
File: ../shared/teak.png Graphic file (type png)
<use ../shared/teak.png>
Package pdftex.def Info: ../shared/teak.png  used on input line 1127.
(pdftex.def)             Requested size: 505.89pt x 42.1572pt.

Overfull \hbox (221.36244pt too wide) has occurred while \output is active
[][] 
 []


Overfull \hbox (8.3828pt too wide) has occurred while \output is active
 [] [] [] [] [] [] [] [] [] [] [] 
 []

[36

 <./src/Pline_pf-eps-converted-to.pdf>]
\openout4 = `Ch11a.vrb'.

 (./Ch11a.vrb
<src/pfc0.png, id=1484, 439.6425pt x 196.48407pt>
File: src/pfc0.png Graphic file (type png)
<use src/pfc0.png>
Package pdftex.def Info: src/pfc0.png  used on input line 4.
(pdftex.def)             Requested size: 171.21765pt x 76.51753pt.
)
File: ../shared/teak.png Graphic file (type png)
<use ../shared/teak.png>
Package pdftex.def Info: ../shared/teak.png  used on input line 1146.
(pdftex.def)             Requested size: 505.89pt x 42.1572pt.

Overfull \hbox (221.36244pt too wide) has occurred while \output is active
[][] 
 []


Overfull \hbox (8.3828pt too wide) has occurred while \output is active
 [] [] [] [] [] [] [] [] [] [] [] 
 []

[37

 <./src/pfc0.png>]
\openout4 = `Ch11a.vrb'.

 (./Ch11a.vrb
File: src/pfc0.png Graphic file (type png)
<use src/pfc0.png>
Package pdftex.def Info: src/pfc0.png  used on input line 5.
(pdftex.def)             Requested size: 171.21765pt x 76.51753pt.
)
File: ../shared/teak.png Graphic file (type png)
<use ../shared/teak.png>
Package pdftex.def Info: ../shared/teak.png  used on input line 1177.
(pdftex.def)             Requested size: 505.89pt x 42.1572pt.

Overfull \hbox (221.36244pt too wide) has occurred while \output is active
[][] 
 []


Overfull \hbox (8.3828pt too wide) has occurred while \output is active
 [] [] [] [] [] [] [] [] [] [] [] 
 []

[38

]
\openout4 = `Ch11a.vrb'.

 (./Ch11a.vrb
File: src/pfc0.png Graphic file (type png)
<use src/pfc0.png>
Package pdftex.def Info: src/pfc0.png  used on input line 6.
(pdftex.def)             Requested size: 162.65886pt x 72.69496pt.
)
File: ../shared/teak.png Graphic file (type png)
<use ../shared/teak.png>
Package pdftex.def Info: ../shared/teak.png  used on input line 1212.
(pdftex.def)             Requested size: 505.89pt x 42.1572pt.

Overfull \hbox (221.36244pt too wide) has occurred while \output is active
[][] 
 []


Overfull \hbox (8.3828pt too wide) has occurred while \output is active
 [] [] [] [] [] [] [] [] [] [] [] 
 []

[39

]
\openout4 = `Ch11a.vrb'.

 (./Ch11a.vrb)
File: ../shared/teak.png Graphic file (type png)
<use ../shared/teak.png>
Package pdftex.def Info: ../shared/teak.png  used on input line 1249.
(pdftex.def)             Requested size: 505.89pt x 42.1572pt.

Overfull \hbox (221.36244pt too wide) has occurred while \output is active
[][] 
 []


Overfull \hbox (8.3828pt too wide) has occurred while \output is active
 [] [] [] [] [] [] [] [] [] [] [] 
 []

[40

]
\openout4 = `Ch11a.vrb'.

 (./Ch11a.vrb
File: src/pfc0.png Graphic file (type png)
<use src/pfc0.png>
Package pdftex.def Info: src/pfc0.png  used on input line 4.
(pdftex.def)             Requested size: 171.21765pt x 76.51753pt.
)
File: ../shared/teak.png Graphic file (type png)
<use ../shared/teak.png>
Package pdftex.def Info: ../shared/teak.png  used on input line 1267.
(pdftex.def)             Requested size: 505.89pt x 42.1572pt.

Overfull \hbox (221.36244pt too wide) has occurred while \output is active
[][] 
 []


Overfull \hbox (8.3828pt too wide) has occurred while \output is active
 [] [] [] [] [] [] [] [] [] [] [] 
 []

[41

]
\openout4 = `Ch11a.vrb'.

 (./Ch11a.vrb
File: src/pfc0.png Graphic file (type png)
<use src/pfc0.png>
Package pdftex.def Info: src/pfc0.png  used on input line 7.
(pdftex.def)             Requested size: 164.36748pt x 73.45648pt.
)
File: ../shared/teak.png Graphic file (type png)
<use ../shared/teak.png>
Package pdftex.def Info: ../shared/teak.png  used on input line 1302.
(pdftex.def)             Requested size: 505.89pt x 42.1572pt.

Overfull \hbox (221.36244pt too wide) has occurred while \output is active
[][] 
 []


Overfull \hbox (8.3828pt too wide) has occurred while \output is active
 [] [] [] [] [] [] [] [] [] [] [] 
 []

[42

]
\openout4 = `Ch11a.vrb'.

 (./Ch11a.vrb
File: src/pfc0.png Graphic file (type png)
<use src/pfc0.png>
Package pdftex.def Info: src/pfc0.png  used on input line 7.
(pdftex.def)             Requested size: 164.36748pt x 73.45648pt.
)
File: ../shared/teak.png Graphic file (type png)
<use ../shared/teak.png>
Package pdftex.def Info: ../shared/teak.png  used on input line 1340.
(pdftex.def)             Requested size: 505.89pt x 42.1572pt.

Overfull \hbox (221.36244pt too wide) has occurred while \output is active
[][] 
 []


Overfull \hbox (8.3828pt too wide) has occurred while \output is active
 [] [] [] [] [] [] [] [] [] [] [] 
 []

[43

]
\openout4 = `Ch11a.vrb'.

 (./Ch11a.vrb)
File: ../shared/teak.png Graphic file (type png)
<use ../shared/teak.png>
Package pdftex.def Info: ../shared/teak.png  used on input line 1378.
(pdftex.def)             Requested size: 505.89pt x 42.1572pt.

Overfull \hbox (221.36244pt too wide) has occurred while \output is active
[][] 
 []


Overfull \hbox (8.3828pt too wide) has occurred while \output is active
 [] [] [] [] [] [] [] [] [] [] [] 
 []

[44

]
\openout4 = `Ch11a.vrb'.

 (./Ch11a.vrb
<src/pfc.png, id=1791, 342.5297pt x 161.10187pt>
File: src/pfc.png Graphic file (type png)
<use src/pfc.png>
Package pdftex.def Info: src/pfc.png  used on input line 7.
(pdftex.def)             Requested size: 136.97203pt x 64.4224pt.
)
File: ../shared/teak.png Graphic file (type png)
<use ../shared/teak.png>
Package pdftex.def Info: ../shared/teak.png  used on input line 1408.
(pdftex.def)             Requested size: 505.89pt x 42.1572pt.

Overfull \hbox (221.36244pt too wide) has occurred while \output is active
[][] 
 []


Overfull \hbox (8.3828pt too wide) has occurred while \output is active
 [] [] [] [] [] [] [] [] [] [] [] 
 []

[45

 <./src/pfc.png>]
\openout4 = `Ch11a.vrb'.

 (./Ch11a.vrb
<src/super1.png, id=1829, 499.8675pt x 154.32657pt>
File: src/super1.png Graphic file (type png)
<use src/super1.png>
Package pdftex.def Info: src/super1.png  used on input line 4.
(pdftex.def)             Requested size: 205.46327pt x 63.43442pt.
)
Overfull \vbox (5.93253pt too high) detected at line 1436
 []

File: ../shared/teak.png Graphic file (type png)
<use ../shared/teak.png>
Package pdftex.def Info: ../shared/teak.png  used on input line 1436.
(pdftex.def)             Requested size: 505.89pt x 42.1572pt.

Overfull \hbox (221.36244pt too wide) has occurred while \output is active
[][] 
 []


Overfull \hbox (8.3828pt too wide) has occurred while \output is active
 [] [] [] [] [] [] [] [] [] [] [] 
 []

[46

 <./src/super1.png>]
\openout4 = `Ch11a.vrb'.

 (./Ch11a.vrb
File: src/super1.png Graphic file (type png)
<use src/super1.png>
Package pdftex.def Info: src/super1.png  used on input line 6.
(pdftex.def)             Requested size: 162.65886pt x 50.2191pt.
)
File: ../shared/teak.png Graphic file (type png)
<use ../shared/teak.png>
Package pdftex.def Info: ../shared/teak.png  used on input line 1479.
(pdftex.def)             Requested size: 505.89pt x 42.1572pt.

Overfull \hbox (221.36244pt too wide) has occurred while \output is active
[][] 
 []


Overfull \hbox (8.3828pt too wide) has occurred while \output is active
 [] [] [] [] [] [] [] [] [] [] [] 
 []

[47

]
\openout4 = `Ch11a.vrb'.

 (./Ch11a.vrb
File: src/super1.png Graphic file (type png)
<use src/super1.png>
Package pdftex.def Info: src/super1.png  used on input line 6.
(pdftex.def)             Requested size: 162.65886pt x 50.2191pt.
)
File: ../shared/teak.png Graphic file (type png)
<use ../shared/teak.png>
Package pdftex.def Info: ../shared/teak.png  used on input line 1526.
(pdftex.def)             Requested size: 505.89pt x 42.1572pt.

Overfull \hbox (221.36244pt too wide) has occurred while \output is active
[][] 
 []


Overfull \hbox (8.3828pt too wide) has occurred while \output is active
 [] [] [] [] [] [] [] [] [] [] [] 
 []

[48

]
\openout4 = `Ch11a.vrb'.

 (./Ch11a.vrb)
File: ../shared/teak.png Graphic file (type png)
<use ../shared/teak.png>
Package pdftex.def Info: ../shared/teak.png  used on input line 1545.
(pdftex.def)             Requested size: 505.89pt x 42.1572pt.

Overfull \hbox (221.36244pt too wide) has occurred while \output is active
[][] 
 []


Overfull \hbox (8.3828pt too wide) has occurred while \output is active
 [] [] [] [] [] [] [] [] [] [] [] 
 []

[49

]
\openout4 = `Ch11a.vrb'.

 (./Ch11a.vrb
<src/super_example1.png, id=1982, 197.98969pt x 103.88812pt>
File: src/super_example1.png Graphic file (type png)
<use src/super_example1.png>
Package pdftex.def Info: src/super_example1.png  used on input line 6.
(pdftex.def)             Requested size: 102.73163pt x 53.90482pt.
)
File: ../shared/teak.png Graphic file (type png)
<use ../shared/teak.png>
Package pdftex.def Info: ../shared/teak.png  used on input line 1577.
(pdftex.def)             Requested size: 505.89pt x 42.1572pt.

Overfull \hbox (221.36244pt too wide) has occurred while \output is active
[][] 
 []


Overfull \hbox (8.3828pt too wide) has occurred while \output is active
 [] [] [] [] [] [] [] [] [] [] [] 
 []

[50

 <./src/super_example1.png>]
\openout4 = `Ch11a.vrb'.

 (./Ch11a.vrb
<src/super_example1a.png, id=2021, 130.98938pt x 102.3825pt>
File: src/super_example1a.png Graphic file (type png)
<use src/super_example1a.png>
Package pdftex.def Info: src/super_example1a.png  used on input line 6.
(pdftex.def)             Requested size: 56.9055pt x 44.47665pt.
<src/super_example1b.png, id=2022, 170.88844pt x 101.62968pt>
File: src/super_example1b.png Graphic file (type png)
<use src/super_example1b.png>
Package pdftex.def Info: src/super_example1b.png  used on input line 19.
(pdftex.def)             Requested size: 56.9055pt x 33.84183pt.
)
File: ../shared/teak.png Graphic file (type png)
<use ../shared/teak.png>
Package pdftex.def Info: ../shared/teak.png  used on input line 1619.
(pdftex.def)             Requested size: 505.89pt x 42.1572pt.

Overfull \hbox (221.36244pt too wide) has occurred while \output is active
[][] 
 []


Overfull \hbox (8.3828pt too wide) has occurred while \output is active
 [] [] [] [] [] [] [] [] [] [] [] 
 []

[51

 <./src/super_example1a.png> <./src/super_example1b.png>]
\openout4 = `Ch11a.vrb'.

 (./Ch11a.vrb
File: src/super_example1.png Graphic file (type png)
<use src/super_example1.png>
Package pdftex.def Info: src/super_example1.png  used on input line 4.
(pdftex.def)             Requested size: 171.21765pt x 89.84137pt.
)
File: ../shared/teak.png Graphic file (type png)
<use ../shared/teak.png>
Package pdftex.def Info: ../shared/teak.png  used on input line 1639.
(pdftex.def)             Requested size: 505.89pt x 42.1572pt.

Overfull \hbox (221.36244pt too wide) has occurred while \output is active
[][] 
 []


Overfull \hbox (8.3828pt too wide) has occurred while \output is active
 [] [] [] [] [] [] [] [] [] [] [] 
 []

[52

]
\openout4 = `Ch11a.vrb'.

 (./Ch11a.vrb
<src/Max1.png, id=2096, 158.84344pt x 108.405pt>
File: src/Max1.png Graphic file (type png)
<use src/Max1.png>
Package pdftex.def Info: src/Max1.png  used on input line 6.
(pdftex.def)             Requested size: 68.48601pt x 46.7406pt.
<src/Max2.png, id=2097, 217.5628pt x 106.89937pt>
File: src/Max2.png Graphic file (type png)
<use src/Max2.png>
Package pdftex.def Info: src/Max2.png  used on input line 23.
(pdftex.def)             Requested size: 85.60883pt x 42.0641pt.
)
File: ../shared/teak.png Graphic file (type png)
<use ../shared/teak.png>
Package pdftex.def Info: ../shared/teak.png  used on input line 1680.
(pdftex.def)             Requested size: 505.89pt x 42.1572pt.

Overfull \hbox (221.36244pt too wide) has occurred while \output is active
[][] 
 []


Overfull \hbox (8.3828pt too wide) has occurred while \output is active
 [] [] [] [] [] [] [] [] [] [] [] 
 []

[53

 <./src/Max1.png> <./src/max2.png>]
\openout4 = `Ch11a.vrb'.

 (./Ch11a.vrb
File: src/Max1.png Graphic file (type png)
<use src/Max1.png>
Package pdftex.def Info: src/Max1.png  used on input line 4.
(pdftex.def)             Requested size: 75.04422pt x 51.21504pt.
File: src/Max2.png Graphic file (type png)
<use src/Max2.png>
Package pdftex.def Info: src/Max2.png  used on input line 6.
(pdftex.def)             Requested size: 115.81233pt x 56.9055pt.

Overfull \hbox (12.30563pt too wide) in paragraph at lines 3--10
[][]  
 []

)
File: ../shared/teak.png Graphic file (type png)
<use ../shared/teak.png>
Package pdftex.def Info: ../shared/teak.png  used on input line 1713.
(pdftex.def)             Requested size: 505.89pt x 42.1572pt.

Overfull \hbox (221.36244pt too wide) has occurred while \output is active
[][] 
 []


Overfull \hbox (8.3828pt too wide) has occurred while \output is active
 [] [] [] [] [] [] [] [] [] [] [] 
 []

[54

]
\openout4 = `Ch11a.vrb'.

 (./Ch11a.vrb
<src/example_max1.png, id=2175, 310.91156pt x 138.5175pt>
File: src/example_max1.png Graphic file (type png)
<use src/example_max1.png>
Package pdftex.def Info: src/example_max1.png  used on input line 10.
(pdftex.def)             Requested size: 119.85445pt x 53.39809pt.
)
File: ../shared/teak.png Graphic file (type png)
<use ../shared/teak.png>
Package pdftex.def Info: ../shared/teak.png  used on input line 1755.
(pdftex.def)             Requested size: 505.89pt x 42.1572pt.

Overfull \hbox (221.36244pt too wide) has occurred while \output is active
[][] 
 []


Overfull \hbox (8.3828pt too wide) has occurred while \output is active
 [] [] [] [] [] [] [] [] [] [] [] 
 []

[55

 <./src/example_max1.png>]
\openout4 = `Ch11a.vrb'.

 (./Ch11a.vrb
File: src/example_max1.png Graphic file (type png)
<use src/example_max1.png>
Package pdftex.def Info: src/example_max1.png  used on input line 5.
(pdftex.def)             Requested size: 119.85445pt x 53.39809pt.
)
File: ../shared/teak.png Graphic file (type png)
<use ../shared/teak.png>
Package pdftex.def Info: ../shared/teak.png  used on input line 1779.
(pdftex.def)             Requested size: 505.89pt x 42.1572pt.

Overfull \hbox (221.36244pt too wide) has occurred while \output is active
[][] 
 []


Overfull \hbox (8.3828pt too wide) has occurred while \output is active
 [] [] [] [] [] [] [] [] [] [] [] 
 []

[56

]
\openout4 = `Ch11a.vrb'.

 (./Ch11a.vrb)
File: ../shared/teak.png Graphic file (type png)
<use ../shared/teak.png>
Package pdftex.def Info: ../shared/teak.png  used on input line 1790.
(pdftex.def)             Requested size: 505.89pt x 42.1572pt.

Overfull \hbox (221.36244pt too wide) has occurred while \output is active
[][] 
 []


Overfull \hbox (8.3828pt too wide) has occurred while \output is active
 [] [] [] [] [] [] [] [] [] [] [] 
 []

[57

]
\tf@nav=\write7
\openout7 = `Ch11a.nav'.

\tf@toc=\write8
\openout8 = `Ch11a.toc'.

\tf@snm=\write9
\openout9 = `Ch11a.snm'.

Package atveryend Info: Empty hook `BeforeClearDocument' on input line 1795.
Package atveryend Info: Empty hook `AfterLastShipout' on input line 1795.
 (./Ch11a.aux)
Package atveryend Info: Executing hook `AtVeryEndDocument' on input line 1795.
Package atveryend Info: Executing hook `AtEndAfterFileList' on input line 1795.

Package rerunfilecheck Info: File `Ch11a.out' has not changed.
(rerunfilecheck)             Checksum: 859B9DC5ACE6DBED590B1B2C80CE5EDB;395.


LaTeX Font Warning: Some font shapes were not available, defaults substituted.

 ) 
Here is how much of TeX's memory you used:
 20730 strings out of 492646
 377061 string characters out of 6133332
 491180 words of memory out of 5000000
 23838 multiletter control sequences out of 15000+600000
 28202 words of font info for 72 fonts, out of 8000000 for 9000
 1141 hyphenation exceptions out of 8191
 56i,16n,63p,772b,618s stack positions out of 5000i,500n,10000p,200000b,80000s
{c:/texlive/2018/texmf-dist/fonts/enc/dvips/cm-super/cm-super-t1.enc}{c:/texl
ive/2018/texmf-dist/fonts/enc/dvips/fonts-tlwg/lthtlwg.enc}<c:/texlive/2018/tex
mf-dist/fonts/type1/public/amsfonts/cm/cmex10.pfb><c:/texlive/2018/texmf-dist/f
onts/type1/public/amsfonts/cm/cmmi10.pfb><c:/texlive/2018/texmf-dist/fonts/type
1/public/amsfonts/cm/cmmi8.pfb><c:/texlive/2018/texmf-dist/fonts/type1/public/a
msfonts/cm/cmss10.pfb><c:/texlive/2018/texmf-dist/fonts/type1/public/amsfonts/c
m/cmss8.pfb><c:/texlive/2018/texmf-dist/fonts/type1/public/amsfonts/cm/cmssi10.
pfb><c:/texlive/2018/texmf-dist/fonts/type1/public/amsfonts/cm/cmssi8.pfb><c:/t
exlive/2018/texmf-dist/fonts/type1/public/amsfonts/cm/cmsy10.pfb><c:/texlive/20
18/texmf-dist/fonts/type1/public/amsfonts/cm/cmsy6.pfb><c:/texlive/2018/texmf-d
ist/fonts/type1/public/amsfonts/cm/cmsy7.pfb><c:/texlive/2018/texmf-dist/fonts/
type1/public/amsfonts/cm/cmsy8.pfb><c:/texlive/2018/texmf-dist/fonts/type1/publ
ic/amsfonts/symbols/msam10.pfb><c:/texlive/2018/texmf-dist/fonts/type1/public/a
msfonts/symbols/msbm10.pfb><c:/texlive/2018/texmf-dist/fonts/type1/public/amsfo
nts/symbols/msbm7.pfb><c:/texlive/2018/texmf-dist/fonts/type1/public/fonts-tlwg
/norasi.pfb><c:/texlive/2018/texmf-dist/fonts/type1/public/cm-super/sfrm0800.pf
b><c:/texlive/2018/texmf-dist/fonts/type1/public/cm-super/sfss0600.pfb><c:/texl
ive/2018/texmf-dist/fonts/type1/public/cm-super/sfss0700.pfb><c:/texlive/2018/t
exmf-dist/fonts/type1/public/cm-super/sfss0800.pfb><c:/texlive/2018/texmf-dist/
fonts/type1/public/cm-super/sfss1000.pfb><c:/texlive/2018/texmf-dist/fonts/type
1/public/cm-super/sfss1095.pfb>
Output written on Ch11a.pdf (57 pages, 1317547 bytes).
PDF statistics:
 2388 PDF objects out of 2487 (max. 8388607)
 2207 compressed objects within 23 object streams
 133 named destinations out of 1000 (max. 500000)
 316 words of extra memory for PDF output out of 10000 (max. 10000000)

